2025-02-01 01:19:17,104 - INFO - patching driver executable C:\Users\Administrator\appdata\roaming\undetected_chromedriver\undetected_chromedriver.exe
2025-02-01 01:19:24,118 - INFO - Site loaded successfully!
2025-02-01 01:20:14,123 - ERROR - Error processing row: name 'extract_defendant_names' is not defined
2025-02-01 01:20:14,135 - ERROR - Error processing row: Message: no such element: element not found
  (Session info: chrome=132.0.6834.160); For documentation on this error, please visit: https://www.selenium.dev/documentation/webdriver/troubleshooting/errors#no-such-element-exception
Stacktrace:
	GetHandleVerifier [0x010D74A3+25091]
	(No symbol) [0x0105DC04]
	(No symbol) [0x00F3B373]
	(No symbol) [0x00F4ACA9]
	(No symbol) [0x00F49D3E]
	(No symbol) [0x00F416F0]
	(No symbol) [0x00F3FAA6]
	(No symbol) [0x00F42CBA]
	(No symbol) [0x00F42D37]
	(No symbol) [0x00F7EF07]
	(No symbol) [0x00F7F65B]
	(No symbol) [0x00F752C1]
	(No symbol) [0x00FA1F54]
	(No symbol) [0x00F74E44]
	(No symbol) [0x00FA21A4]
	(No symbol) [0x00FBB49E]
	(No symbol) [0x00FA1CA6]
	(No symbol) [0x00F731D5]
	(No symbol) [0x00F7435D]
	GetHandleVerifier [0x013D07C3+3142947]
	GetHandleVerifier [0x013E1A2B+3213195]
	GetHandleVerifier [0x013DC412+3191154]
	GetHandleVerifier [0x01178720+685184]
	(No symbol) [0x01066E1D]
	(No symbol) [0x01063E18]
	(No symbol) [0x01063FB6]
	(No symbol) [0x010566F0]
	BaseThreadInitThunk [0x76F97BA9+25]
	RtlInitializeExceptionChain [0x77D0C0CB+107]
	RtlClearBits [0x77D0C04F+191]

2025-02-01 01:20:14,177 - ERROR - Error processing row: Message: no such element: element not found
  (Session info: chrome=132.0.6834.160); For documentation on this error, please visit: https://www.selenium.dev/documentation/webdriver/troubleshooting/errors#no-such-element-exception
Stacktrace:
	GetHandleVerifier [0x010D74A3+25091]
	(No symbol) [0x0105DC04]
	(No symbol) [0x00F3B373]
	(No symbol) [0x00F4ACA9]
	(No symbol) [0x00F49D3E]
	(No symbol) [0x00F416F0]
	(No symbol) [0x00F3FAA6]
	(No symbol) [0x00F42CBA]
	(No symbol) [0x00F42D37]
	(No symbol) [0x00F7EF07]
	(No symbol) [0x00F7F65B]
	(No symbol) [0x00F752C1]
	(No symbol) [0x00FA1F54]
	(No symbol) [0x00F74E44]
	(No symbol) [0x00FA21A4]
	(No symbol) [0x00FBB49E]
	(No symbol) [0x00FA1CA6]
	(No symbol) [0x00F731D5]
	(No symbol) [0x00F7435D]
	GetHandleVerifier [0x013D07C3+3142947]
	GetHandleVerifier [0x013E1A2B+3213195]
	GetHandleVerifier [0x013DC412+3191154]
	GetHandleVerifier [0x01178720+685184]
	(No symbol) [0x01066E1D]
	(No symbol) [0x01063E18]
	(No symbol) [0x01063FB6]
	(No symbol) [0x010566F0]
	BaseThreadInitThunk [0x76F97BA9+25]
	RtlInitializeExceptionChain [0x77D0C0CB+107]
	RtlClearBits [0x77D0C04F+191]

2025-02-01 01:20:14,197 - ERROR - Error processing row: Message: no such element: element not found
  (Session info: chrome=132.0.6834.160); For documentation on this error, please visit: https://www.selenium.dev/documentation/webdriver/troubleshooting/errors#no-such-element-exception
Stacktrace:
	GetHandleVerifier [0x010D74A3+25091]
	(No symbol) [0x0105DC04]
	(No symbol) [0x00F3B373]
	(No symbol) [0x00F4ACA9]
	(No symbol) [0x00F49D3E]
	(No symbol) [0x00F416F0]
	(No symbol) [0x00F3FAA6]
	(No symbol) [0x00F42CBA]
	(No symbol) [0x00F42D37]
	(No symbol) [0x00F7EF07]
	(No symbol) [0x00F7F65B]
	(No symbol) [0x00F752C1]
	(No symbol) [0x00FA1F54]
	(No symbol) [0x00F74E44]
	(No symbol) [0x00FA21A4]
	(No symbol) [0x00FBB49E]
	(No symbol) [0x00FA1CA6]
	(No symbol) [0x00F731D5]
	(No symbol) [0x00F7435D]
	GetHandleVerifier [0x013D07C3+3142947]
	GetHandleVerifier [0x013E1A2B+3213195]
	GetHandleVerifier [0x013DC412+3191154]
	GetHandleVerifier [0x01178720+685184]
	(No symbol) [0x01066E1D]
	(No symbol) [0x01063E18]
	(No symbol) [0x01063FB6]
	(No symbol) [0x010566F0]
	BaseThreadInitThunk [0x76F97BA9+25]
	RtlInitializeExceptionChain [0x77D0C0CB+107]
	RtlClearBits [0x77D0C04F+191]

2025-02-01 01:20:14,209 - ERROR - Error processing row: Message: no such element: element not found
  (Session info: chrome=132.0.6834.160); For documentation on this error, please visit: https://www.selenium.dev/documentation/webdriver/troubleshooting/errors#no-such-element-exception
Stacktrace:
	GetHandleVerifier [0x010D74A3+25091]
	(No symbol) [0x0105DC04]
	(No symbol) [0x00F3B373]
	(No symbol) [0x00F4ACA9]
	(No symbol) [0x00F49D3E]
	(No symbol) [0x00F416F0]
	(No symbol) [0x00F3FAA6]
	(No symbol) [0x00F42CBA]
	(No symbol) [0x00F42D37]
	(No symbol) [0x00F7EF07]
	(No symbol) [0x00F7F65B]
	(No symbol) [0x00F752C1]
	(No symbol) [0x00FA1F54]
	(No symbol) [0x00F74E44]
	(No symbol) [0x00FA21A4]
	(No symbol) [0x00FBB49E]
	(No symbol) [0x00FA1CA6]
	(No symbol) [0x00F731D5]
	(No symbol) [0x00F7435D]
	GetHandleVerifier [0x013D07C3+3142947]
	GetHandleVerifier [0x013E1A2B+3213195]
	GetHandleVerifier [0x013DC412+3191154]
	GetHandleVerifier [0x01178720+685184]
	(No symbol) [0x01066E1D]
	(No symbol) [0x01063E18]
	(No symbol) [0x01063FB6]
	(No symbol) [0x010566F0]
	BaseThreadInitThunk [0x76F97BA9+25]
	RtlInitializeExceptionChain [0x77D0C0CB+107]
	RtlClearBits [0x77D0C04F+191]

2025-02-01 01:20:14,218 - ERROR - Error processing row: Message: no such element: element not found
  (Session info: chrome=132.0.6834.160); For documentation on this error, please visit: https://www.selenium.dev/documentation/webdriver/troubleshooting/errors#no-such-element-exception
Stacktrace:
	GetHandleVerifier [0x010D74A3+25091]
	(No symbol) [0x0105DC04]
	(No symbol) [0x00F3B373]
	(No symbol) [0x00F4ACA9]
	(No symbol) [0x00F49D3E]
	(No symbol) [0x00F416F0]
	(No symbol) [0x00F3FAA6]
	(No symbol) [0x00F42CBA]
	(No symbol) [0x00F42D37]
	(No symbol) [0x00F7EF07]
	(No symbol) [0x00F7F65B]
	(No symbol) [0x00F752C1]
	(No symbol) [0x00FA1F54]
	(No symbol) [0x00F74E44]
	(No symbol) [0x00FA21A4]
	(No symbol) [0x00FBB49E]
	(No symbol) [0x00FA1CA6]
	(No symbol) [0x00F731D5]
	(No symbol) [0x00F7435D]
	GetHandleVerifier [0x013D07C3+3142947]
	GetHandleVerifier [0x013E1A2B+3213195]
	GetHandleVerifier [0x013DC412+3191154]
	GetHandleVerifier [0x01178720+685184]
	(No symbol) [0x01066E1D]
	(No symbol) [0x01063E18]
	(No symbol) [0x01063FB6]
	(No symbol) [0x010566F0]
	BaseThreadInitThunk [0x76F97BA9+25]
	RtlInitializeExceptionChain [0x77D0C0CB+107]
	RtlClearBits [0x77D0C04F+191]

2025-02-01 01:20:14,231 - ERROR - Error processing row: Message: no such element: element not found
  (Session info: chrome=132.0.6834.160); For documentation on this error, please visit: https://www.selenium.dev/documentation/webdriver/troubleshooting/errors#no-such-element-exception
Stacktrace:
	GetHandleVerifier [0x010D74A3+25091]
	(No symbol) [0x0105DC04]
	(No symbol) [0x00F3B373]
	(No symbol) [0x00F4ACA9]
	(No symbol) [0x00F49D3E]
	(No symbol) [0x00F416F0]
	(No symbol) [0x00F3FAA6]
	(No symbol) [0x00F42CBA]
	(No symbol) [0x00F42D37]
	(No symbol) [0x00F7EF07]
	(No symbol) [0x00F7F65B]
	(No symbol) [0x00F752C1]
	(No symbol) [0x00FA1F54]
	(No symbol) [0x00F74E44]
	(No symbol) [0x00FA21A4]
	(No symbol) [0x00FBB49E]
	(No symbol) [0x00FA1CA6]
	(No symbol) [0x00F731D5]
	(No symbol) [0x00F7435D]
	GetHandleVerifier [0x013D07C3+3142947]
	GetHandleVerifier [0x013E1A2B+3213195]
	GetHandleVerifier [0x013DC412+3191154]
	GetHandleVerifier [0x01178720+685184]
	(No symbol) [0x01066E1D]
	(No symbol) [0x01063E18]
	(No symbol) [0x01063FB6]
	(No symbol) [0x010566F0]
	BaseThreadInitThunk [0x76F97BA9+25]
	RtlInitializeExceptionChain [0x77D0C0CB+107]
	RtlClearBits [0x77D0C04F+191]

2025-02-01 01:20:14,242 - ERROR - Error processing row: Message: no such element: element not found
  (Session info: chrome=132.0.6834.160); For documentation on this error, please visit: https://www.selenium.dev/documentation/webdriver/troubleshooting/errors#no-such-element-exception
Stacktrace:
	GetHandleVerifier [0x010D74A3+25091]
	(No symbol) [0x0105DC04]
	(No symbol) [0x00F3B373]
	(No symbol) [0x00F4ACA9]
	(No symbol) [0x00F49D3E]
	(No symbol) [0x00F416F0]
	(No symbol) [0x00F3FAA6]
	(No symbol) [0x00F42CBA]
	(No symbol) [0x00F42D37]
	(No symbol) [0x00F7EF07]
	(No symbol) [0x00F7F65B]
	(No symbol) [0x00F752C1]
	(No symbol) [0x00FA1F54]
	(No symbol) [0x00F74E44]
	(No symbol) [0x00FA21A4]
	(No symbol) [0x00FBB49E]
	(No symbol) [0x00FA1CA6]
	(No symbol) [0x00F731D5]
	(No symbol) [0x00F7435D]
	GetHandleVerifier [0x013D07C3+3142947]
	GetHandleVerifier [0x013E1A2B+3213195]
	GetHandleVerifier [0x013DC412+3191154]
	GetHandleVerifier [0x01178720+685184]
	(No symbol) [0x01066E1D]
	(No symbol) [0x01063E18]
	(No symbol) [0x01063FB6]
	(No symbol) [0x010566F0]
	BaseThreadInitThunk [0x76F97BA9+25]
	RtlInitializeExceptionChain [0x77D0C0CB+107]
	RtlClearBits [0x77D0C04F+191]

2025-02-01 01:20:14,250 - ERROR - Error processing row: Message: no such element: element not found
  (Session info: chrome=132.0.6834.160); For documentation on this error, please visit: https://www.selenium.dev/documentation/webdriver/troubleshooting/errors#no-such-element-exception
Stacktrace:
	GetHandleVerifier [0x010D74A3+25091]
	(No symbol) [0x0105DC04]
	(No symbol) [0x00F3B373]
	(No symbol) [0x00F4ACA9]
	(No symbol) [0x00F49D3E]
	(No symbol) [0x00F416F0]
	(No symbol) [0x00F3FAA6]
	(No symbol) [0x00F42CBA]
	(No symbol) [0x00F42D37]
	(No symbol) [0x00F7EF07]
	(No symbol) [0x00F7F65B]
	(No symbol) [0x00F752C1]
	(No symbol) [0x00FA1F54]
	(No symbol) [0x00F74E44]
	(No symbol) [0x00FA21A4]
	(No symbol) [0x00FBB49E]
	(No symbol) [0x00FA1CA6]
	(No symbol) [0x00F731D5]
	(No symbol) [0x00F7435D]
	GetHandleVerifier [0x013D07C3+3142947]
	GetHandleVerifier [0x013E1A2B+3213195]
	GetHandleVerifier [0x013DC412+3191154]
	GetHandleVerifier [0x01178720+685184]
	(No symbol) [0x01066E1D]
	(No symbol) [0x01063E18]
	(No symbol) [0x01063FB6]
	(No symbol) [0x010566F0]
	BaseThreadInitThunk [0x76F97BA9+25]
	RtlInitializeExceptionChain [0x77D0C0CB+107]
	RtlClearBits [0x77D0C04F+191]

2025-02-01 01:20:14,261 - ERROR - Error processing row: Message: no such element: element not found
  (Session info: chrome=132.0.6834.160); For documentation on this error, please visit: https://www.selenium.dev/documentation/webdriver/troubleshooting/errors#no-such-element-exception
Stacktrace:
	GetHandleVerifier [0x010D74A3+25091]
	(No symbol) [0x0105DC04]
	(No symbol) [0x00F3B373]
	(No symbol) [0x00F4ACA9]
	(No symbol) [0x00F49D3E]
	(No symbol) [0x00F416F0]
	(No symbol) [0x00F3FAA6]
	(No symbol) [0x00F42CBA]
	(No symbol) [0x00F42D37]
	(No symbol) [0x00F7EF07]
	(No symbol) [0x00F7F65B]
	(No symbol) [0x00F752C1]
	(No symbol) [0x00FA1F54]
	(No symbol) [0x00F74E44]
	(No symbol) [0x00FA21A4]
	(No symbol) [0x00FBB49E]
	(No symbol) [0x00FA1CA6]
	(No symbol) [0x00F731D5]
	(No symbol) [0x00F7435D]
	GetHandleVerifier [0x013D07C3+3142947]
	GetHandleVerifier [0x013E1A2B+3213195]
	GetHandleVerifier [0x013DC412+3191154]
	GetHandleVerifier [0x01178720+685184]
	(No symbol) [0x01066E1D]
	(No symbol) [0x01063E18]
	(No symbol) [0x01063FB6]
	(No symbol) [0x010566F0]
	BaseThreadInitThunk [0x76F97BA9+25]
	RtlInitializeExceptionChain [0x77D0C0CB+107]
	RtlClearBits [0x77D0C04F+191]

2025-02-01 01:20:14,271 - ERROR - Error processing row: Message: no such element: element not found
  (Session info: chrome=132.0.6834.160); For documentation on this error, please visit: https://www.selenium.dev/documentation/webdriver/troubleshooting/errors#no-such-element-exception
Stacktrace:
	GetHandleVerifier [0x010D74A3+25091]
	(No symbol) [0x0105DC04]
	(No symbol) [0x00F3B373]
	(No symbol) [0x00F4ACA9]
	(No symbol) [0x00F49D3E]
	(No symbol) [0x00F416F0]
	(No symbol) [0x00F3FAA6]
	(No symbol) [0x00F42CBA]
	(No symbol) [0x00F42D37]
	(No symbol) [0x00F7EF07]
	(No symbol) [0x00F7F65B]
	(No symbol) [0x00F752C1]
	(No symbol) [0x00FA1F54]
	(No symbol) [0x00F74E44]
	(No symbol) [0x00FA21A4]
	(No symbol) [0x00FBB49E]
	(No symbol) [0x00FA1CA6]
	(No symbol) [0x00F731D5]
	(No symbol) [0x00F7435D]
	GetHandleVerifier [0x013D07C3+3142947]
	GetHandleVerifier [0x013E1A2B+3213195]
	GetHandleVerifier [0x013DC412+3191154]
	GetHandleVerifier [0x01178720+685184]
	(No symbol) [0x01066E1D]
	(No symbol) [0x01063E18]
	(No symbol) [0x01063FB6]
	(No symbol) [0x010566F0]
	BaseThreadInitThunk [0x76F97BA9+25]
	RtlInitializeExceptionChain [0x77D0C0CB+107]
	RtlClearBits [0x77D0C04F+191]

2025-02-01 01:20:14,280 - ERROR - Error processing row: Message: no such element: element not found
  (Session info: chrome=132.0.6834.160); For documentation on this error, please visit: https://www.selenium.dev/documentation/webdriver/troubleshooting/errors#no-such-element-exception
Stacktrace:
	GetHandleVerifier [0x010D74A3+25091]
	(No symbol) [0x0105DC04]
	(No symbol) [0x00F3B373]
	(No symbol) [0x00F4ACA9]
	(No symbol) [0x00F49D3E]
	(No symbol) [0x00F416F0]
	(No symbol) [0x00F3FAA6]
	(No symbol) [0x00F42CBA]
	(No symbol) [0x00F42D37]
	(No symbol) [0x00F7EF07]
	(No symbol) [0x00F7F65B]
	(No symbol) [0x00F752C1]
	(No symbol) [0x00FA1F54]
	(No symbol) [0x00F74E44]
	(No symbol) [0x00FA21A4]
	(No symbol) [0x00FBB49E]
	(No symbol) [0x00FA1CA6]
	(No symbol) [0x00F731D5]
	(No symbol) [0x00F7435D]
	GetHandleVerifier [0x013D07C3+3142947]
	GetHandleVerifier [0x013E1A2B+3213195]
	GetHandleVerifier [0x013DC412+3191154]
	GetHandleVerifier [0x01178720+685184]
	(No symbol) [0x01066E1D]
	(No symbol) [0x01063E18]
	(No symbol) [0x01063FB6]
	(No symbol) [0x010566F0]
	BaseThreadInitThunk [0x76F97BA9+25]
	RtlInitializeExceptionChain [0x77D0C0CB+107]
	RtlClearBits [0x77D0C04F+191]

2025-02-01 01:20:14,289 - ERROR - Error processing row: Message: no such element: element not found
  (Session info: chrome=132.0.6834.160); For documentation on this error, please visit: https://www.selenium.dev/documentation/webdriver/troubleshooting/errors#no-such-element-exception
Stacktrace:
	GetHandleVerifier [0x010D74A3+25091]
	(No symbol) [0x0105DC04]
	(No symbol) [0x00F3B373]
	(No symbol) [0x00F4ACA9]
	(No symbol) [0x00F49D3E]
	(No symbol) [0x00F416F0]
	(No symbol) [0x00F3FAA6]
	(No symbol) [0x00F42CBA]
	(No symbol) [0x00F42D37]
	(No symbol) [0x00F7EF07]
	(No symbol) [0x00F7F65B]
	(No symbol) [0x00F752C1]
	(No symbol) [0x00FA1F54]
	(No symbol) [0x00F74E44]
	(No symbol) [0x00FA21A4]
	(No symbol) [0x00FBB49E]
	(No symbol) [0x00FA1CA6]
	(No symbol) [0x00F731D5]
	(No symbol) [0x00F7435D]
	GetHandleVerifier [0x013D07C3+3142947]
	GetHandleVerifier [0x013E1A2B+3213195]
	GetHandleVerifier [0x013DC412+3191154]
	GetHandleVerifier [0x01178720+685184]
	(No symbol) [0x01066E1D]
	(No symbol) [0x01063E18]
	(No symbol) [0x01063FB6]
	(No symbol) [0x010566F0]
	BaseThreadInitThunk [0x76F97BA9+25]
	RtlInitializeExceptionChain [0x77D0C0CB+107]
	RtlClearBits [0x77D0C04F+191]

2025-02-01 01:20:14,299 - ERROR - Error processing row: Message: no such element: element not found
  (Session info: chrome=132.0.6834.160); For documentation on this error, please visit: https://www.selenium.dev/documentation/webdriver/troubleshooting/errors#no-such-element-exception
Stacktrace:
	GetHandleVerifier [0x010D74A3+25091]
	(No symbol) [0x0105DC04]
	(No symbol) [0x00F3B373]
	(No symbol) [0x00F4ACA9]
	(No symbol) [0x00F49D3E]
	(No symbol) [0x00F416F0]
	(No symbol) [0x00F3FAA6]
	(No symbol) [0x00F42CBA]
	(No symbol) [0x00F42D37]
	(No symbol) [0x00F7EF07]
	(No symbol) [0x00F7F65B]
	(No symbol) [0x00F752C1]
	(No symbol) [0x00FA1F54]
	(No symbol) [0x00F74E44]
	(No symbol) [0x00FA21A4]
	(No symbol) [0x00FBB49E]
	(No symbol) [0x00FA1CA6]
	(No symbol) [0x00F731D5]
	(No symbol) [0x00F7435D]
	GetHandleVerifier [0x013D07C3+3142947]
	GetHandleVerifier [0x013E1A2B+3213195]
	GetHandleVerifier [0x013DC412+3191154]
	GetHandleVerifier [0x01178720+685184]
	(No symbol) [0x01066E1D]
	(No symbol) [0x01063E18]
	(No symbol) [0x01063FB6]
	(No symbol) [0x010566F0]
	BaseThreadInitThunk [0x76F97BA9+25]
	RtlInitializeExceptionChain [0x77D0C0CB+107]
	RtlClearBits [0x77D0C04F+191]

2025-02-01 01:20:14,310 - ERROR - Error processing row: Message: no such element: element not found
  (Session info: chrome=132.0.6834.160); For documentation on this error, please visit: https://www.selenium.dev/documentation/webdriver/troubleshooting/errors#no-such-element-exception
Stacktrace:
	GetHandleVerifier [0x010D74A3+25091]
	(No symbol) [0x0105DC04]
	(No symbol) [0x00F3B373]
	(No symbol) [0x00F4ACA9]
	(No symbol) [0x00F49D3E]
	(No symbol) [0x00F416F0]
	(No symbol) [0x00F3FAA6]
	(No symbol) [0x00F42CBA]
	(No symbol) [0x00F42D37]
	(No symbol) [0x00F7EF07]
	(No symbol) [0x00F7F65B]
	(No symbol) [0x00F752C1]
	(No symbol) [0x00FA1F54]
	(No symbol) [0x00F74E44]
	(No symbol) [0x00FA21A4]
	(No symbol) [0x00FBB49E]
	(No symbol) [0x00FA1CA6]
	(No symbol) [0x00F731D5]
	(No symbol) [0x00F7435D]
	GetHandleVerifier [0x013D07C3+3142947]
	GetHandleVerifier [0x013E1A2B+3213195]
	GetHandleVerifier [0x013DC412+3191154]
	GetHandleVerifier [0x01178720+685184]
	(No symbol) [0x01066E1D]
	(No symbol) [0x01063E18]
	(No symbol) [0x01063FB6]
	(No symbol) [0x010566F0]
	BaseThreadInitThunk [0x76F97BA9+25]
	RtlInitializeExceptionChain [0x77D0C0CB+107]
	RtlClearBits [0x77D0C04F+191]

2025-02-01 01:20:14,319 - ERROR - Error processing row: Message: no such element: element not found
  (Session info: chrome=132.0.6834.160); For documentation on this error, please visit: https://www.selenium.dev/documentation/webdriver/troubleshooting/errors#no-such-element-exception
Stacktrace:
	GetHandleVerifier [0x010D74A3+25091]
	(No symbol) [0x0105DC04]
	(No symbol) [0x00F3B373]
	(No symbol) [0x00F4ACA9]
	(No symbol) [0x00F49D3E]
	(No symbol) [0x00F416F0]
	(No symbol) [0x00F3FAA6]
	(No symbol) [0x00F42CBA]
	(No symbol) [0x00F42D37]
	(No symbol) [0x00F7EF07]
	(No symbol) [0x00F7F65B]
	(No symbol) [0x00F752C1]
	(No symbol) [0x00FA1F54]
	(No symbol) [0x00F74E44]
	(No symbol) [0x00FA21A4]
	(No symbol) [0x00FBB49E]
	(No symbol) [0x00FA1CA6]
	(No symbol) [0x00F731D5]
	(No symbol) [0x00F7435D]
	GetHandleVerifier [0x013D07C3+3142947]
	GetHandleVerifier [0x013E1A2B+3213195]
	GetHandleVerifier [0x013DC412+3191154]
	GetHandleVerifier [0x01178720+685184]
	(No symbol) [0x01066E1D]
	(No symbol) [0x01063E18]
	(No symbol) [0x01063FB6]
	(No symbol) [0x010566F0]
	BaseThreadInitThunk [0x76F97BA9+25]
	RtlInitializeExceptionChain [0x77D0C0CB+107]
	RtlClearBits [0x77D0C04F+191]

2025-02-01 01:20:14,329 - ERROR - Error processing row: Message: no such element: element not found
  (Session info: chrome=132.0.6834.160); For documentation on this error, please visit: https://www.selenium.dev/documentation/webdriver/troubleshooting/errors#no-such-element-exception
Stacktrace:
	GetHandleVerifier [0x010D74A3+25091]
	(No symbol) [0x0105DC04]
	(No symbol) [0x00F3B373]
	(No symbol) [0x00F4ACA9]
	(No symbol) [0x00F49D3E]
	(No symbol) [0x00F416F0]
	(No symbol) [0x00F3FAA6]
	(No symbol) [0x00F42CBA]
	(No symbol) [0x00F42D37]
	(No symbol) [0x00F7EF07]
	(No symbol) [0x00F7F65B]
	(No symbol) [0x00F752C1]
	(No symbol) [0x00FA1F54]
	(No symbol) [0x00F74E44]
	(No symbol) [0x00FA21A4]
	(No symbol) [0x00FBB49E]
	(No symbol) [0x00FA1CA6]
	(No symbol) [0x00F731D5]
	(No symbol) [0x00F7435D]
	GetHandleVerifier [0x013D07C3+3142947]
	GetHandleVerifier [0x013E1A2B+3213195]
	GetHandleVerifier [0x013DC412+3191154]
	GetHandleVerifier [0x01178720+685184]
	(No symbol) [0x01066E1D]
	(No symbol) [0x01063E18]
	(No symbol) [0x01063FB6]
	(No symbol) [0x010566F0]
	BaseThreadInitThunk [0x76F97BA9+25]
	RtlInitializeExceptionChain [0x77D0C0CB+107]
	RtlClearBits [0x77D0C04F+191]

2025-02-01 01:20:14,338 - ERROR - Error processing row: Message: no such element: element not found
  (Session info: chrome=132.0.6834.160); For documentation on this error, please visit: https://www.selenium.dev/documentation/webdriver/troubleshooting/errors#no-such-element-exception
Stacktrace:
	GetHandleVerifier [0x010D74A3+25091]
	(No symbol) [0x0105DC04]
	(No symbol) [0x00F3B373]
	(No symbol) [0x00F4ACA9]
	(No symbol) [0x00F49D3E]
	(No symbol) [0x00F416F0]
	(No symbol) [0x00F3FAA6]
	(No symbol) [0x00F42CBA]
	(No symbol) [0x00F42D37]
	(No symbol) [0x00F7EF07]
	(No symbol) [0x00F7F65B]
	(No symbol) [0x00F752C1]
	(No symbol) [0x00FA1F54]
	(No symbol) [0x00F74E44]
	(No symbol) [0x00FA21A4]
	(No symbol) [0x00FBB49E]
	(No symbol) [0x00FA1CA6]
	(No symbol) [0x00F731D5]
	(No symbol) [0x00F7435D]
	GetHandleVerifier [0x013D07C3+3142947]
	GetHandleVerifier [0x013E1A2B+3213195]
	GetHandleVerifier [0x013DC412+3191154]
	GetHandleVerifier [0x01178720+685184]
	(No symbol) [0x01066E1D]
	(No symbol) [0x01063E18]
	(No symbol) [0x01063FB6]
	(No symbol) [0x010566F0]
	BaseThreadInitThunk [0x76F97BA9+25]
	RtlInitializeExceptionChain [0x77D0C0CB+107]
	RtlClearBits [0x77D0C04F+191]

2025-02-01 01:20:14,347 - ERROR - Error processing row: Message: no such element: element not found
  (Session info: chrome=132.0.6834.160); For documentation on this error, please visit: https://www.selenium.dev/documentation/webdriver/troubleshooting/errors#no-such-element-exception
Stacktrace:
	GetHandleVerifier [0x010D74A3+25091]
	(No symbol) [0x0105DC04]
	(No symbol) [0x00F3B373]
	(No symbol) [0x00F4ACA9]
	(No symbol) [0x00F49D3E]
	(No symbol) [0x00F416F0]
	(No symbol) [0x00F3FAA6]
	(No symbol) [0x00F42CBA]
	(No symbol) [0x00F42D37]
	(No symbol) [0x00F7EF07]
	(No symbol) [0x00F7F65B]
	(No symbol) [0x00F752C1]
	(No symbol) [0x00FA1F54]
	(No symbol) [0x00F74E44]
	(No symbol) [0x00FA21A4]
	(No symbol) [0x00FBB49E]
	(No symbol) [0x00FA1CA6]
	(No symbol) [0x00F731D5]
	(No symbol) [0x00F7435D]
	GetHandleVerifier [0x013D07C3+3142947]
	GetHandleVerifier [0x013E1A2B+3213195]
	GetHandleVerifier [0x013DC412+3191154]
	GetHandleVerifier [0x01178720+685184]
	(No symbol) [0x01066E1D]
	(No symbol) [0x01063E18]
	(No symbol) [0x01063FB6]
	(No symbol) [0x010566F0]
	BaseThreadInitThunk [0x76F97BA9+25]
	RtlInitializeExceptionChain [0x77D0C0CB+107]
	RtlClearBits [0x77D0C04F+191]

2025-02-01 01:20:14,355 - ERROR - Error processing row: Message: no such element: element not found
  (Session info: chrome=132.0.6834.160); For documentation on this error, please visit: https://www.selenium.dev/documentation/webdriver/troubleshooting/errors#no-such-element-exception
Stacktrace:
	GetHandleVerifier [0x010D74A3+25091]
	(No symbol) [0x0105DC04]
	(No symbol) [0x00F3B373]
	(No symbol) [0x00F4ACA9]
	(No symbol) [0x00F49D3E]
	(No symbol) [0x00F416F0]
	(No symbol) [0x00F3FAA6]
	(No symbol) [0x00F42CBA]
	(No symbol) [0x00F42D37]
	(No symbol) [0x00F7EF07]
	(No symbol) [0x00F7F65B]
	(No symbol) [0x00F752C1]
	(No symbol) [0x00FA1F54]
	(No symbol) [0x00F74E44]
	(No symbol) [0x00FA21A4]
	(No symbol) [0x00FBB49E]
	(No symbol) [0x00FA1CA6]
	(No symbol) [0x00F731D5]
	(No symbol) [0x00F7435D]
	GetHandleVerifier [0x013D07C3+3142947]
	GetHandleVerifier [0x013E1A2B+3213195]
	GetHandleVerifier [0x013DC412+3191154]
	GetHandleVerifier [0x01178720+685184]
	(No symbol) [0x01066E1D]
	(No symbol) [0x01063E18]
	(No symbol) [0x01063FB6]
	(No symbol) [0x010566F0]
	BaseThreadInitThunk [0x76F97BA9+25]
	RtlInitializeExceptionChain [0x77D0C0CB+107]
	RtlClearBits [0x77D0C04F+191]

2025-02-01 01:20:14,364 - ERROR - Error processing row: Message: no such element: element not found
  (Session info: chrome=132.0.6834.160); For documentation on this error, please visit: https://www.selenium.dev/documentation/webdriver/troubleshooting/errors#no-such-element-exception
Stacktrace:
	GetHandleVerifier [0x010D74A3+25091]
	(No symbol) [0x0105DC04]
	(No symbol) [0x00F3B373]
	(No symbol) [0x00F4ACA9]
	(No symbol) [0x00F49D3E]
	(No symbol) [0x00F416F0]
	(No symbol) [0x00F3FAA6]
	(No symbol) [0x00F42CBA]
	(No symbol) [0x00F42D37]
	(No symbol) [0x00F7EF07]
	(No symbol) [0x00F7F65B]
	(No symbol) [0x00F752C1]
	(No symbol) [0x00FA1F54]
	(No symbol) [0x00F74E44]
	(No symbol) [0x00FA21A4]
	(No symbol) [0x00FBB49E]
	(No symbol) [0x00FA1CA6]
	(No symbol) [0x00F731D5]
	(No symbol) [0x00F7435D]
	GetHandleVerifier [0x013D07C3+3142947]
	GetHandleVerifier [0x013E1A2B+3213195]
	GetHandleVerifier [0x013DC412+3191154]
	GetHandleVerifier [0x01178720+685184]
	(No symbol) [0x01066E1D]
	(No symbol) [0x01063E18]
	(No symbol) [0x01063FB6]
	(No symbol) [0x010566F0]
	BaseThreadInitThunk [0x76F97BA9+25]
	RtlInitializeExceptionChain [0x77D0C0CB+107]
	RtlClearBits [0x77D0C04F+191]

2025-02-01 01:20:14,368 - INFO - Data successfully written to data.csv.
2025-02-01 01:20:14,883 - INFO - Browser instance closed.
2025-02-01 01:25:29,183 - INFO - patching driver executable C:\Users\Administrator\appdata\roaming\undetected_chromedriver\undetected_chromedriver.exe
2025-02-01 01:25:35,619 - INFO - Site loaded successfully!
2025-02-01 01:26:21,273 - ERROR - Error processing row: name 'extract_defendant_names' is not defined
2025-02-01 01:26:21,287 - ERROR - Error processing row: Message: no such element: element not found
  (Session info: chrome=132.0.6834.160); For documentation on this error, please visit: https://www.selenium.dev/documentation/webdriver/troubleshooting/errors#no-such-element-exception
Stacktrace:
	GetHandleVerifier [0x009C74A3+25091]
	(No symbol) [0x0094DC04]
	(No symbol) [0x0082B373]
	(No symbol) [0x0083ACA9]
	(No symbol) [0x00839D3E]
	(No symbol) [0x008316F0]
	(No symbol) [0x0082FAA6]
	(No symbol) [0x00832CBA]
	(No symbol) [0x00832D37]
	(No symbol) [0x0086EF07]
	(No symbol) [0x0086F65B]
	(No symbol) [0x008652C1]
	(No symbol) [0x00891F54]
	(No symbol) [0x00864E44]
	(No symbol) [0x008921A4]
	(No symbol) [0x008AB49E]
	(No symbol) [0x00891CA6]
	(No symbol) [0x008631D5]
	(No symbol) [0x0086435D]
	GetHandleVerifier [0x00CC07C3+3142947]
	GetHandleVerifier [0x00CD1A2B+3213195]
	GetHandleVerifier [0x00CCC412+3191154]
	GetHandleVerifier [0x00A68720+685184]
	(No symbol) [0x00956E1D]
	(No symbol) [0x00953E18]
	(No symbol) [0x00953FB6]
	(No symbol) [0x009466F0]
	BaseThreadInitThunk [0x76F97BA9+25]
	RtlInitializeExceptionChain [0x77D0C0CB+107]
	RtlClearBits [0x77D0C04F+191]

2025-02-01 01:26:21,306 - ERROR - Error processing row: Message: no such element: element not found
  (Session info: chrome=132.0.6834.160); For documentation on this error, please visit: https://www.selenium.dev/documentation/webdriver/troubleshooting/errors#no-such-element-exception
Stacktrace:
	GetHandleVerifier [0x009C74A3+25091]
	(No symbol) [0x0094DC04]
	(No symbol) [0x0082B373]
	(No symbol) [0x0083ACA9]
	(No symbol) [0x00839D3E]
	(No symbol) [0x008316F0]
	(No symbol) [0x0082FAA6]
	(No symbol) [0x00832CBA]
	(No symbol) [0x00832D37]
	(No symbol) [0x0086EF07]
	(No symbol) [0x0086F65B]
	(No symbol) [0x008652C1]
	(No symbol) [0x00891F54]
	(No symbol) [0x00864E44]
	(No symbol) [0x008921A4]
	(No symbol) [0x008AB49E]
	(No symbol) [0x00891CA6]
	(No symbol) [0x008631D5]
	(No symbol) [0x0086435D]
	GetHandleVerifier [0x00CC07C3+3142947]
	GetHandleVerifier [0x00CD1A2B+3213195]
	GetHandleVerifier [0x00CCC412+3191154]
	GetHandleVerifier [0x00A68720+685184]
	(No symbol) [0x00956E1D]
	(No symbol) [0x00953E18]
	(No symbol) [0x00953FB6]
	(No symbol) [0x009466F0]
	BaseThreadInitThunk [0x76F97BA9+25]
	RtlInitializeExceptionChain [0x77D0C0CB+107]
	RtlClearBits [0x77D0C04F+191]

2025-02-01 01:26:21,318 - ERROR - Error processing row: Message: no such element: element not found
  (Session info: chrome=132.0.6834.160); For documentation on this error, please visit: https://www.selenium.dev/documentation/webdriver/troubleshooting/errors#no-such-element-exception
Stacktrace:
	GetHandleVerifier [0x009C74A3+25091]
	(No symbol) [0x0094DC04]
	(No symbol) [0x0082B373]
	(No symbol) [0x0083ACA9]
	(No symbol) [0x00839D3E]
	(No symbol) [0x008316F0]
	(No symbol) [0x0082FAA6]
	(No symbol) [0x00832CBA]
	(No symbol) [0x00832D37]
	(No symbol) [0x0086EF07]
	(No symbol) [0x0086F65B]
	(No symbol) [0x008652C1]
	(No symbol) [0x00891F54]
	(No symbol) [0x00864E44]
	(No symbol) [0x008921A4]
	(No symbol) [0x008AB49E]
	(No symbol) [0x00891CA6]
	(No symbol) [0x008631D5]
	(No symbol) [0x0086435D]
	GetHandleVerifier [0x00CC07C3+3142947]
	GetHandleVerifier [0x00CD1A2B+3213195]
	GetHandleVerifier [0x00CCC412+3191154]
	GetHandleVerifier [0x00A68720+685184]
	(No symbol) [0x00956E1D]
	(No symbol) [0x00953E18]
	(No symbol) [0x00953FB6]
	(No symbol) [0x009466F0]
	BaseThreadInitThunk [0x76F97BA9+25]
	RtlInitializeExceptionChain [0x77D0C0CB+107]
	RtlClearBits [0x77D0C04F+191]

2025-02-01 01:26:21,329 - ERROR - Error processing row: Message: no such element: element not found
  (Session info: chrome=132.0.6834.160); For documentation on this error, please visit: https://www.selenium.dev/documentation/webdriver/troubleshooting/errors#no-such-element-exception
Stacktrace:
	GetHandleVerifier [0x009C74A3+25091]
	(No symbol) [0x0094DC04]
	(No symbol) [0x0082B373]
	(No symbol) [0x0083ACA9]
	(No symbol) [0x00839D3E]
	(No symbol) [0x008316F0]
	(No symbol) [0x0082FAA6]
	(No symbol) [0x00832CBA]
	(No symbol) [0x00832D37]
	(No symbol) [0x0086EF07]
	(No symbol) [0x0086F65B]
	(No symbol) [0x008652C1]
	(No symbol) [0x00891F54]
	(No symbol) [0x00864E44]
	(No symbol) [0x008921A4]
	(No symbol) [0x008AB49E]
	(No symbol) [0x00891CA6]
	(No symbol) [0x008631D5]
	(No symbol) [0x0086435D]
	GetHandleVerifier [0x00CC07C3+3142947]
	GetHandleVerifier [0x00CD1A2B+3213195]
	GetHandleVerifier [0x00CCC412+3191154]
	GetHandleVerifier [0x00A68720+685184]
	(No symbol) [0x00956E1D]
	(No symbol) [0x00953E18]
	(No symbol) [0x00953FB6]
	(No symbol) [0x009466F0]
	BaseThreadInitThunk [0x76F97BA9+25]
	RtlInitializeExceptionChain [0x77D0C0CB+107]
	RtlClearBits [0x77D0C04F+191]

2025-02-01 01:26:21,339 - ERROR - Error processing row: Message: no such element: element not found
  (Session info: chrome=132.0.6834.160); For documentation on this error, please visit: https://www.selenium.dev/documentation/webdriver/troubleshooting/errors#no-such-element-exception
Stacktrace:
	GetHandleVerifier [0x009C74A3+25091]
	(No symbol) [0x0094DC04]
	(No symbol) [0x0082B373]
	(No symbol) [0x0083ACA9]
	(No symbol) [0x00839D3E]
	(No symbol) [0x008316F0]
	(No symbol) [0x0082FAA6]
	(No symbol) [0x00832CBA]
	(No symbol) [0x00832D37]
	(No symbol) [0x0086EF07]
	(No symbol) [0x0086F65B]
	(No symbol) [0x008652C1]
	(No symbol) [0x00891F54]
	(No symbol) [0x00864E44]
	(No symbol) [0x008921A4]
	(No symbol) [0x008AB49E]
	(No symbol) [0x00891CA6]
	(No symbol) [0x008631D5]
	(No symbol) [0x0086435D]
	GetHandleVerifier [0x00CC07C3+3142947]
	GetHandleVerifier [0x00CD1A2B+3213195]
	GetHandleVerifier [0x00CCC412+3191154]
	GetHandleVerifier [0x00A68720+685184]
	(No symbol) [0x00956E1D]
	(No symbol) [0x00953E18]
	(No symbol) [0x00953FB6]
	(No symbol) [0x009466F0]
	BaseThreadInitThunk [0x76F97BA9+25]
	RtlInitializeExceptionChain [0x77D0C0CB+107]
	RtlClearBits [0x77D0C04F+191]

2025-02-01 01:26:21,350 - ERROR - Error processing row: Message: no such element: element not found
  (Session info: chrome=132.0.6834.160); For documentation on this error, please visit: https://www.selenium.dev/documentation/webdriver/troubleshooting/errors#no-such-element-exception
Stacktrace:
	GetHandleVerifier [0x009C74A3+25091]
	(No symbol) [0x0094DC04]
	(No symbol) [0x0082B373]
	(No symbol) [0x0083ACA9]
	(No symbol) [0x00839D3E]
	(No symbol) [0x008316F0]
	(No symbol) [0x0082FAA6]
	(No symbol) [0x00832CBA]
	(No symbol) [0x00832D37]
	(No symbol) [0x0086EF07]
	(No symbol) [0x0086F65B]
	(No symbol) [0x008652C1]
	(No symbol) [0x00891F54]
	(No symbol) [0x00864E44]
	(No symbol) [0x008921A4]
	(No symbol) [0x008AB49E]
	(No symbol) [0x00891CA6]
	(No symbol) [0x008631D5]
	(No symbol) [0x0086435D]
	GetHandleVerifier [0x00CC07C3+3142947]
	GetHandleVerifier [0x00CD1A2B+3213195]
	GetHandleVerifier [0x00CCC412+3191154]
	GetHandleVerifier [0x00A68720+685184]
	(No symbol) [0x00956E1D]
	(No symbol) [0x00953E18]
	(No symbol) [0x00953FB6]
	(No symbol) [0x009466F0]
	BaseThreadInitThunk [0x76F97BA9+25]
	RtlInitializeExceptionChain [0x77D0C0CB+107]
	RtlClearBits [0x77D0C04F+191]

2025-02-01 01:26:21,358 - ERROR - Error processing row: Message: no such element: element not found
  (Session info: chrome=132.0.6834.160); For documentation on this error, please visit: https://www.selenium.dev/documentation/webdriver/troubleshooting/errors#no-such-element-exception
Stacktrace:
	GetHandleVerifier [0x009C74A3+25091]
	(No symbol) [0x0094DC04]
	(No symbol) [0x0082B373]
	(No symbol) [0x0083ACA9]
	(No symbol) [0x00839D3E]
	(No symbol) [0x008316F0]
	(No symbol) [0x0082FAA6]
	(No symbol) [0x00832CBA]
	(No symbol) [0x00832D37]
	(No symbol) [0x0086EF07]
	(No symbol) [0x0086F65B]
	(No symbol) [0x008652C1]
	(No symbol) [0x00891F54]
	(No symbol) [0x00864E44]
	(No symbol) [0x008921A4]
	(No symbol) [0x008AB49E]
	(No symbol) [0x00891CA6]
	(No symbol) [0x008631D5]
	(No symbol) [0x0086435D]
	GetHandleVerifier [0x00CC07C3+3142947]
	GetHandleVerifier [0x00CD1A2B+3213195]
	GetHandleVerifier [0x00CCC412+3191154]
	GetHandleVerifier [0x00A68720+685184]
	(No symbol) [0x00956E1D]
	(No symbol) [0x00953E18]
	(No symbol) [0x00953FB6]
	(No symbol) [0x009466F0]
	BaseThreadInitThunk [0x76F97BA9+25]
	RtlInitializeExceptionChain [0x77D0C0CB+107]
	RtlClearBits [0x77D0C04F+191]

2025-02-01 01:26:21,367 - ERROR - Error processing row: Message: no such element: element not found
  (Session info: chrome=132.0.6834.160); For documentation on this error, please visit: https://www.selenium.dev/documentation/webdriver/troubleshooting/errors#no-such-element-exception
Stacktrace:
	GetHandleVerifier [0x009C74A3+25091]
	(No symbol) [0x0094DC04]
	(No symbol) [0x0082B373]
	(No symbol) [0x0083ACA9]
	(No symbol) [0x00839D3E]
	(No symbol) [0x008316F0]
	(No symbol) [0x0082FAA6]
	(No symbol) [0x00832CBA]
	(No symbol) [0x00832D37]
	(No symbol) [0x0086EF07]
	(No symbol) [0x0086F65B]
	(No symbol) [0x008652C1]
	(No symbol) [0x00891F54]
	(No symbol) [0x00864E44]
	(No symbol) [0x008921A4]
	(No symbol) [0x008AB49E]
	(No symbol) [0x00891CA6]
	(No symbol) [0x008631D5]
	(No symbol) [0x0086435D]
	GetHandleVerifier [0x00CC07C3+3142947]
	GetHandleVerifier [0x00CD1A2B+3213195]
	GetHandleVerifier [0x00CCC412+3191154]
	GetHandleVerifier [0x00A68720+685184]
	(No symbol) [0x00956E1D]
	(No symbol) [0x00953E18]
	(No symbol) [0x00953FB6]
	(No symbol) [0x009466F0]
	BaseThreadInitThunk [0x76F97BA9+25]
	RtlInitializeExceptionChain [0x77D0C0CB+107]
	RtlClearBits [0x77D0C04F+191]

2025-02-01 01:26:21,375 - ERROR - Error processing row: Message: no such element: element not found
  (Session info: chrome=132.0.6834.160); For documentation on this error, please visit: https://www.selenium.dev/documentation/webdriver/troubleshooting/errors#no-such-element-exception
Stacktrace:
	GetHandleVerifier [0x009C74A3+25091]
	(No symbol) [0x0094DC04]
	(No symbol) [0x0082B373]
	(No symbol) [0x0083ACA9]
	(No symbol) [0x00839D3E]
	(No symbol) [0x008316F0]
	(No symbol) [0x0082FAA6]
	(No symbol) [0x00832CBA]
	(No symbol) [0x00832D37]
	(No symbol) [0x0086EF07]
	(No symbol) [0x0086F65B]
	(No symbol) [0x008652C1]
	(No symbol) [0x00891F54]
	(No symbol) [0x00864E44]
	(No symbol) [0x008921A4]
	(No symbol) [0x008AB49E]
	(No symbol) [0x00891CA6]
	(No symbol) [0x008631D5]
	(No symbol) [0x0086435D]
	GetHandleVerifier [0x00CC07C3+3142947]
	GetHandleVerifier [0x00CD1A2B+3213195]
	GetHandleVerifier [0x00CCC412+3191154]
	GetHandleVerifier [0x00A68720+685184]
	(No symbol) [0x00956E1D]
	(No symbol) [0x00953E18]
	(No symbol) [0x00953FB6]
	(No symbol) [0x009466F0]
	BaseThreadInitThunk [0x76F97BA9+25]
	RtlInitializeExceptionChain [0x77D0C0CB+107]
	RtlClearBits [0x77D0C04F+191]

2025-02-01 01:26:21,383 - ERROR - Error processing row: Message: no such element: element not found
  (Session info: chrome=132.0.6834.160); For documentation on this error, please visit: https://www.selenium.dev/documentation/webdriver/troubleshooting/errors#no-such-element-exception
Stacktrace:
	GetHandleVerifier [0x009C74A3+25091]
	(No symbol) [0x0094DC04]
	(No symbol) [0x0082B373]
	(No symbol) [0x0083ACA9]
	(No symbol) [0x00839D3E]
	(No symbol) [0x008316F0]
	(No symbol) [0x0082FAA6]
	(No symbol) [0x00832CBA]
	(No symbol) [0x00832D37]
	(No symbol) [0x0086EF07]
	(No symbol) [0x0086F65B]
	(No symbol) [0x008652C1]
	(No symbol) [0x00891F54]
	(No symbol) [0x00864E44]
	(No symbol) [0x008921A4]
	(No symbol) [0x008AB49E]
	(No symbol) [0x00891CA6]
	(No symbol) [0x008631D5]
	(No symbol) [0x0086435D]
	GetHandleVerifier [0x00CC07C3+3142947]
	GetHandleVerifier [0x00CD1A2B+3213195]
	GetHandleVerifier [0x00CCC412+3191154]
	GetHandleVerifier [0x00A68720+685184]
	(No symbol) [0x00956E1D]
	(No symbol) [0x00953E18]
	(No symbol) [0x00953FB6]
	(No symbol) [0x009466F0]
	BaseThreadInitThunk [0x76F97BA9+25]
	RtlInitializeExceptionChain [0x77D0C0CB+107]
	RtlClearBits [0x77D0C04F+191]

2025-02-01 01:26:21,392 - ERROR - Error processing row: Message: no such element: element not found
  (Session info: chrome=132.0.6834.160); For documentation on this error, please visit: https://www.selenium.dev/documentation/webdriver/troubleshooting/errors#no-such-element-exception
Stacktrace:
	GetHandleVerifier [0x009C74A3+25091]
	(No symbol) [0x0094DC04]
	(No symbol) [0x0082B373]
	(No symbol) [0x0083ACA9]
	(No symbol) [0x00839D3E]
	(No symbol) [0x008316F0]
	(No symbol) [0x0082FAA6]
	(No symbol) [0x00832CBA]
	(No symbol) [0x00832D37]
	(No symbol) [0x0086EF07]
	(No symbol) [0x0086F65B]
	(No symbol) [0x008652C1]
	(No symbol) [0x00891F54]
	(No symbol) [0x00864E44]
	(No symbol) [0x008921A4]
	(No symbol) [0x008AB49E]
	(No symbol) [0x00891CA6]
	(No symbol) [0x008631D5]
	(No symbol) [0x0086435D]
	GetHandleVerifier [0x00CC07C3+3142947]
	GetHandleVerifier [0x00CD1A2B+3213195]
	GetHandleVerifier [0x00CCC412+3191154]
	GetHandleVerifier [0x00A68720+685184]
	(No symbol) [0x00956E1D]
	(No symbol) [0x00953E18]
	(No symbol) [0x00953FB6]
	(No symbol) [0x009466F0]
	BaseThreadInitThunk [0x76F97BA9+25]
	RtlInitializeExceptionChain [0x77D0C0CB+107]
	RtlClearBits [0x77D0C04F+191]

2025-02-01 01:26:21,400 - ERROR - Error processing row: Message: no such element: element not found
  (Session info: chrome=132.0.6834.160); For documentation on this error, please visit: https://www.selenium.dev/documentation/webdriver/troubleshooting/errors#no-such-element-exception
Stacktrace:
	GetHandleVerifier [0x009C74A3+25091]
	(No symbol) [0x0094DC04]
	(No symbol) [0x0082B373]
	(No symbol) [0x0083ACA9]
	(No symbol) [0x00839D3E]
	(No symbol) [0x008316F0]
	(No symbol) [0x0082FAA6]
	(No symbol) [0x00832CBA]
	(No symbol) [0x00832D37]
	(No symbol) [0x0086EF07]
	(No symbol) [0x0086F65B]
	(No symbol) [0x008652C1]
	(No symbol) [0x00891F54]
	(No symbol) [0x00864E44]
	(No symbol) [0x008921A4]
	(No symbol) [0x008AB49E]
	(No symbol) [0x00891CA6]
	(No symbol) [0x008631D5]
	(No symbol) [0x0086435D]
	GetHandleVerifier [0x00CC07C3+3142947]
	GetHandleVerifier [0x00CD1A2B+3213195]
	GetHandleVerifier [0x00CCC412+3191154]
	GetHandleVerifier [0x00A68720+685184]
	(No symbol) [0x00956E1D]
	(No symbol) [0x00953E18]
	(No symbol) [0x00953FB6]
	(No symbol) [0x009466F0]
	BaseThreadInitThunk [0x76F97BA9+25]
	RtlInitializeExceptionChain [0x77D0C0CB+107]
	RtlClearBits [0x77D0C04F+191]

2025-02-01 01:26:21,412 - ERROR - Error processing row: Message: no such element: element not found
  (Session info: chrome=132.0.6834.160); For documentation on this error, please visit: https://www.selenium.dev/documentation/webdriver/troubleshooting/errors#no-such-element-exception
Stacktrace:
	GetHandleVerifier [0x009C74A3+25091]
	(No symbol) [0x0094DC04]
	(No symbol) [0x0082B373]
	(No symbol) [0x0083ACA9]
	(No symbol) [0x00839D3E]
	(No symbol) [0x008316F0]
	(No symbol) [0x0082FAA6]
	(No symbol) [0x00832CBA]
	(No symbol) [0x00832D37]
	(No symbol) [0x0086EF07]
	(No symbol) [0x0086F65B]
	(No symbol) [0x008652C1]
	(No symbol) [0x00891F54]
	(No symbol) [0x00864E44]
	(No symbol) [0x008921A4]
	(No symbol) [0x008AB49E]
	(No symbol) [0x00891CA6]
	(No symbol) [0x008631D5]
	(No symbol) [0x0086435D]
	GetHandleVerifier [0x00CC07C3+3142947]
	GetHandleVerifier [0x00CD1A2B+3213195]
	GetHandleVerifier [0x00CCC412+3191154]
	GetHandleVerifier [0x00A68720+685184]
	(No symbol) [0x00956E1D]
	(No symbol) [0x00953E18]
	(No symbol) [0x00953FB6]
	(No symbol) [0x009466F0]
	BaseThreadInitThunk [0x76F97BA9+25]
	RtlInitializeExceptionChain [0x77D0C0CB+107]
	RtlClearBits [0x77D0C04F+191]

2025-02-01 01:26:21,420 - ERROR - Error processing row: Message: no such element: element not found
  (Session info: chrome=132.0.6834.160); For documentation on this error, please visit: https://www.selenium.dev/documentation/webdriver/troubleshooting/errors#no-such-element-exception
Stacktrace:
	GetHandleVerifier [0x009C74A3+25091]
	(No symbol) [0x0094DC04]
	(No symbol) [0x0082B373]
	(No symbol) [0x0083ACA9]
	(No symbol) [0x00839D3E]
	(No symbol) [0x008316F0]
	(No symbol) [0x0082FAA6]
	(No symbol) [0x00832CBA]
	(No symbol) [0x00832D37]
	(No symbol) [0x0086EF07]
	(No symbol) [0x0086F65B]
	(No symbol) [0x008652C1]
	(No symbol) [0x00891F54]
	(No symbol) [0x00864E44]
	(No symbol) [0x008921A4]
	(No symbol) [0x008AB49E]
	(No symbol) [0x00891CA6]
	(No symbol) [0x008631D5]
	(No symbol) [0x0086435D]
	GetHandleVerifier [0x00CC07C3+3142947]
	GetHandleVerifier [0x00CD1A2B+3213195]
	GetHandleVerifier [0x00CCC412+3191154]
	GetHandleVerifier [0x00A68720+685184]
	(No symbol) [0x00956E1D]
	(No symbol) [0x00953E18]
	(No symbol) [0x00953FB6]
	(No symbol) [0x009466F0]
	BaseThreadInitThunk [0x76F97BA9+25]
	RtlInitializeExceptionChain [0x77D0C0CB+107]
	RtlClearBits [0x77D0C04F+191]

2025-02-01 01:26:21,430 - ERROR - Error processing row: Message: no such element: element not found
  (Session info: chrome=132.0.6834.160); For documentation on this error, please visit: https://www.selenium.dev/documentation/webdriver/troubleshooting/errors#no-such-element-exception
Stacktrace:
	GetHandleVerifier [0x009C74A3+25091]
	(No symbol) [0x0094DC04]
	(No symbol) [0x0082B373]
	(No symbol) [0x0083ACA9]
	(No symbol) [0x00839D3E]
	(No symbol) [0x008316F0]
	(No symbol) [0x0082FAA6]
	(No symbol) [0x00832CBA]
	(No symbol) [0x00832D37]
	(No symbol) [0x0086EF07]
	(No symbol) [0x0086F65B]
	(No symbol) [0x008652C1]
	(No symbol) [0x00891F54]
	(No symbol) [0x00864E44]
	(No symbol) [0x008921A4]
	(No symbol) [0x008AB49E]
	(No symbol) [0x00891CA6]
	(No symbol) [0x008631D5]
	(No symbol) [0x0086435D]
	GetHandleVerifier [0x00CC07C3+3142947]
	GetHandleVerifier [0x00CD1A2B+3213195]
	GetHandleVerifier [0x00CCC412+3191154]
	GetHandleVerifier [0x00A68720+685184]
	(No symbol) [0x00956E1D]
	(No symbol) [0x00953E18]
	(No symbol) [0x00953FB6]
	(No symbol) [0x009466F0]
	BaseThreadInitThunk [0x76F97BA9+25]
	RtlInitializeExceptionChain [0x77D0C0CB+107]
	RtlClearBits [0x77D0C04F+191]

2025-02-01 01:26:21,438 - ERROR - Error processing row: Message: no such element: element not found
  (Session info: chrome=132.0.6834.160); For documentation on this error, please visit: https://www.selenium.dev/documentation/webdriver/troubleshooting/errors#no-such-element-exception
Stacktrace:
	GetHandleVerifier [0x009C74A3+25091]
	(No symbol) [0x0094DC04]
	(No symbol) [0x0082B373]
	(No symbol) [0x0083ACA9]
	(No symbol) [0x00839D3E]
	(No symbol) [0x008316F0]
	(No symbol) [0x0082FAA6]
	(No symbol) [0x00832CBA]
	(No symbol) [0x00832D37]
	(No symbol) [0x0086EF07]
	(No symbol) [0x0086F65B]
	(No symbol) [0x008652C1]
	(No symbol) [0x00891F54]
	(No symbol) [0x00864E44]
	(No symbol) [0x008921A4]
	(No symbol) [0x008AB49E]
	(No symbol) [0x00891CA6]
	(No symbol) [0x008631D5]
	(No symbol) [0x0086435D]
	GetHandleVerifier [0x00CC07C3+3142947]
	GetHandleVerifier [0x00CD1A2B+3213195]
	GetHandleVerifier [0x00CCC412+3191154]
	GetHandleVerifier [0x00A68720+685184]
	(No symbol) [0x00956E1D]
	(No symbol) [0x00953E18]
	(No symbol) [0x00953FB6]
	(No symbol) [0x009466F0]
	BaseThreadInitThunk [0x76F97BA9+25]
	RtlInitializeExceptionChain [0x77D0C0CB+107]
	RtlClearBits [0x77D0C04F+191]

2025-02-01 01:26:21,448 - ERROR - Error processing row: Message: no such element: element not found
  (Session info: chrome=132.0.6834.160); For documentation on this error, please visit: https://www.selenium.dev/documentation/webdriver/troubleshooting/errors#no-such-element-exception
Stacktrace:
	GetHandleVerifier [0x009C74A3+25091]
	(No symbol) [0x0094DC04]
	(No symbol) [0x0082B373]
	(No symbol) [0x0083ACA9]
	(No symbol) [0x00839D3E]
	(No symbol) [0x008316F0]
	(No symbol) [0x0082FAA6]
	(No symbol) [0x00832CBA]
	(No symbol) [0x00832D37]
	(No symbol) [0x0086EF07]
	(No symbol) [0x0086F65B]
	(No symbol) [0x008652C1]
	(No symbol) [0x00891F54]
	(No symbol) [0x00864E44]
	(No symbol) [0x008921A4]
	(No symbol) [0x008AB49E]
	(No symbol) [0x00891CA6]
	(No symbol) [0x008631D5]
	(No symbol) [0x0086435D]
	GetHandleVerifier [0x00CC07C3+3142947]
	GetHandleVerifier [0x00CD1A2B+3213195]
	GetHandleVerifier [0x00CCC412+3191154]
	GetHandleVerifier [0x00A68720+685184]
	(No symbol) [0x00956E1D]
	(No symbol) [0x00953E18]
	(No symbol) [0x00953FB6]
	(No symbol) [0x009466F0]
	BaseThreadInitThunk [0x76F97BA9+25]
	RtlInitializeExceptionChain [0x77D0C0CB+107]
	RtlClearBits [0x77D0C04F+191]

2025-02-01 01:26:21,457 - ERROR - Error processing row: Message: no such element: element not found
  (Session info: chrome=132.0.6834.160); For documentation on this error, please visit: https://www.selenium.dev/documentation/webdriver/troubleshooting/errors#no-such-element-exception
Stacktrace:
	GetHandleVerifier [0x009C74A3+25091]
	(No symbol) [0x0094DC04]
	(No symbol) [0x0082B373]
	(No symbol) [0x0083ACA9]
	(No symbol) [0x00839D3E]
	(No symbol) [0x008316F0]
	(No symbol) [0x0082FAA6]
	(No symbol) [0x00832CBA]
	(No symbol) [0x00832D37]
	(No symbol) [0x0086EF07]
	(No symbol) [0x0086F65B]
	(No symbol) [0x008652C1]
	(No symbol) [0x00891F54]
	(No symbol) [0x00864E44]
	(No symbol) [0x008921A4]
	(No symbol) [0x008AB49E]
	(No symbol) [0x00891CA6]
	(No symbol) [0x008631D5]
	(No symbol) [0x0086435D]
	GetHandleVerifier [0x00CC07C3+3142947]
	GetHandleVerifier [0x00CD1A2B+3213195]
	GetHandleVerifier [0x00CCC412+3191154]
	GetHandleVerifier [0x00A68720+685184]
	(No symbol) [0x00956E1D]
	(No symbol) [0x00953E18]
	(No symbol) [0x00953FB6]
	(No symbol) [0x009466F0]
	BaseThreadInitThunk [0x76F97BA9+25]
	RtlInitializeExceptionChain [0x77D0C0CB+107]
	RtlClearBits [0x77D0C04F+191]

2025-02-01 01:26:21,467 - ERROR - Error processing row: Message: no such element: element not found
  (Session info: chrome=132.0.6834.160); For documentation on this error, please visit: https://www.selenium.dev/documentation/webdriver/troubleshooting/errors#no-such-element-exception
Stacktrace:
	GetHandleVerifier [0x009C74A3+25091]
	(No symbol) [0x0094DC04]
	(No symbol) [0x0082B373]
	(No symbol) [0x0083ACA9]
	(No symbol) [0x00839D3E]
	(No symbol) [0x008316F0]
	(No symbol) [0x0082FAA6]
	(No symbol) [0x00832CBA]
	(No symbol) [0x00832D37]
	(No symbol) [0x0086EF07]
	(No symbol) [0x0086F65B]
	(No symbol) [0x008652C1]
	(No symbol) [0x00891F54]
	(No symbol) [0x00864E44]
	(No symbol) [0x008921A4]
	(No symbol) [0x008AB49E]
	(No symbol) [0x00891CA6]
	(No symbol) [0x008631D5]
	(No symbol) [0x0086435D]
	GetHandleVerifier [0x00CC07C3+3142947]
	GetHandleVerifier [0x00CD1A2B+3213195]
	GetHandleVerifier [0x00CCC412+3191154]
	GetHandleVerifier [0x00A68720+685184]
	(No symbol) [0x00956E1D]
	(No symbol) [0x00953E18]
	(No symbol) [0x00953FB6]
	(No symbol) [0x009466F0]
	BaseThreadInitThunk [0x76F97BA9+25]
	RtlInitializeExceptionChain [0x77D0C0CB+107]
	RtlClearBits [0x77D0C04F+191]

2025-02-01 01:26:21,475 - ERROR - Error processing row: Message: no such element: element not found
  (Session info: chrome=132.0.6834.160); For documentation on this error, please visit: https://www.selenium.dev/documentation/webdriver/troubleshooting/errors#no-such-element-exception
Stacktrace:
	GetHandleVerifier [0x009C74A3+25091]
	(No symbol) [0x0094DC04]
	(No symbol) [0x0082B373]
	(No symbol) [0x0083ACA9]
	(No symbol) [0x00839D3E]
	(No symbol) [0x008316F0]
	(No symbol) [0x0082FAA6]
	(No symbol) [0x00832CBA]
	(No symbol) [0x00832D37]
	(No symbol) [0x0086EF07]
	(No symbol) [0x0086F65B]
	(No symbol) [0x008652C1]
	(No symbol) [0x00891F54]
	(No symbol) [0x00864E44]
	(No symbol) [0x008921A4]
	(No symbol) [0x008AB49E]
	(No symbol) [0x00891CA6]
	(No symbol) [0x008631D5]
	(No symbol) [0x0086435D]
	GetHandleVerifier [0x00CC07C3+3142947]
	GetHandleVerifier [0x00CD1A2B+3213195]
	GetHandleVerifier [0x00CCC412+3191154]
	GetHandleVerifier [0x00A68720+685184]
	(No symbol) [0x00956E1D]
	(No symbol) [0x00953E18]
	(No symbol) [0x00953FB6]
	(No symbol) [0x009466F0]
	BaseThreadInitThunk [0x76F97BA9+25]
	RtlInitializeExceptionChain [0x77D0C0CB+107]
	RtlClearBits [0x77D0C04F+191]

2025-02-01 01:26:21,482 - INFO - Data successfully written to data.csv.
2025-02-01 01:26:22,018 - INFO - Browser instance closed.
2025-02-01 01:34:46,843 - INFO - patching driver executable C:\Users\Administrator\appdata\roaming\undetected_chromedriver\undetected_chromedriver.exe
2025-02-01 01:34:54,004 - INFO - Site loaded successfully!
2025-02-01 01:35:28,941 - ERROR - Error processing row: name 'extract_defendant_names' is not defined
2025-02-01 01:35:28,955 - ERROR - Error processing row: Message: no such element: element not found
  (Session info: chrome=132.0.6834.160); For documentation on this error, please visit: https://www.selenium.dev/documentation/webdriver/troubleshooting/errors#no-such-element-exception
Stacktrace:
	GetHandleVerifier [0x010974A3+25091]
	(No symbol) [0x0101DC04]
	(No symbol) [0x00EFB373]
	(No symbol) [0x00F0ACA9]
	(No symbol) [0x00F09D3E]
	(No symbol) [0x00F016F0]
	(No symbol) [0x00EFFAA6]
	(No symbol) [0x00F02CBA]
	(No symbol) [0x00F02D37]
	(No symbol) [0x00F3EF07]
	(No symbol) [0x00F3F65B]
	(No symbol) [0x00F352C1]
	(No symbol) [0x00F61F54]
	(No symbol) [0x00F34E44]
	(No symbol) [0x00F621A4]
	(No symbol) [0x00F7B49E]
	(No symbol) [0x00F61CA6]
	(No symbol) [0x00F331D5]
	(No symbol) [0x00F3435D]
	GetHandleVerifier [0x013907C3+3142947]
	GetHandleVerifier [0x013A1A2B+3213195]
	GetHandleVerifier [0x0139C412+3191154]
	GetHandleVerifier [0x01138720+685184]
	(No symbol) [0x01026E1D]
	(No symbol) [0x01023E18]
	(No symbol) [0x01023FB6]
	(No symbol) [0x010166F0]
	BaseThreadInitThunk [0x76F97BA9+25]
	RtlInitializeExceptionChain [0x77D0C0CB+107]
	RtlClearBits [0x77D0C04F+191]

2025-02-01 01:35:28,978 - ERROR - Error processing row: Message: no such element: element not found
  (Session info: chrome=132.0.6834.160); For documentation on this error, please visit: https://www.selenium.dev/documentation/webdriver/troubleshooting/errors#no-such-element-exception
Stacktrace:
	GetHandleVerifier [0x010974A3+25091]
	(No symbol) [0x0101DC04]
	(No symbol) [0x00EFB373]
	(No symbol) [0x00F0ACA9]
	(No symbol) [0x00F09D3E]
	(No symbol) [0x00F016F0]
	(No symbol) [0x00EFFAA6]
	(No symbol) [0x00F02CBA]
	(No symbol) [0x00F02D37]
	(No symbol) [0x00F3EF07]
	(No symbol) [0x00F3F65B]
	(No symbol) [0x00F352C1]
	(No symbol) [0x00F61F54]
	(No symbol) [0x00F34E44]
	(No symbol) [0x00F621A4]
	(No symbol) [0x00F7B49E]
	(No symbol) [0x00F61CA6]
	(No symbol) [0x00F331D5]
	(No symbol) [0x00F3435D]
	GetHandleVerifier [0x013907C3+3142947]
	GetHandleVerifier [0x013A1A2B+3213195]
	GetHandleVerifier [0x0139C412+3191154]
	GetHandleVerifier [0x01138720+685184]
	(No symbol) [0x01026E1D]
	(No symbol) [0x01023E18]
	(No symbol) [0x01023FB6]
	(No symbol) [0x010166F0]
	BaseThreadInitThunk [0x76F97BA9+25]
	RtlInitializeExceptionChain [0x77D0C0CB+107]
	RtlClearBits [0x77D0C04F+191]

2025-02-01 01:35:28,993 - ERROR - Error processing row: Message: no such element: element not found
  (Session info: chrome=132.0.6834.160); For documentation on this error, please visit: https://www.selenium.dev/documentation/webdriver/troubleshooting/errors#no-such-element-exception
Stacktrace:
	GetHandleVerifier [0x010974A3+25091]
	(No symbol) [0x0101DC04]
	(No symbol) [0x00EFB373]
	(No symbol) [0x00F0ACA9]
	(No symbol) [0x00F09D3E]
	(No symbol) [0x00F016F0]
	(No symbol) [0x00EFFAA6]
	(No symbol) [0x00F02CBA]
	(No symbol) [0x00F02D37]
	(No symbol) [0x00F3EF07]
	(No symbol) [0x00F3F65B]
	(No symbol) [0x00F352C1]
	(No symbol) [0x00F61F54]
	(No symbol) [0x00F34E44]
	(No symbol) [0x00F621A4]
	(No symbol) [0x00F7B49E]
	(No symbol) [0x00F61CA6]
	(No symbol) [0x00F331D5]
	(No symbol) [0x00F3435D]
	GetHandleVerifier [0x013907C3+3142947]
	GetHandleVerifier [0x013A1A2B+3213195]
	GetHandleVerifier [0x0139C412+3191154]
	GetHandleVerifier [0x01138720+685184]
	(No symbol) [0x01026E1D]
	(No symbol) [0x01023E18]
	(No symbol) [0x01023FB6]
	(No symbol) [0x010166F0]
	BaseThreadInitThunk [0x76F97BA9+25]
	RtlInitializeExceptionChain [0x77D0C0CB+107]
	RtlClearBits [0x77D0C04F+191]

2025-02-01 01:35:29,003 - ERROR - Error processing row: Message: no such element: element not found
  (Session info: chrome=132.0.6834.160); For documentation on this error, please visit: https://www.selenium.dev/documentation/webdriver/troubleshooting/errors#no-such-element-exception
Stacktrace:
	GetHandleVerifier [0x010974A3+25091]
	(No symbol) [0x0101DC04]
	(No symbol) [0x00EFB373]
	(No symbol) [0x00F0ACA9]
	(No symbol) [0x00F09D3E]
	(No symbol) [0x00F016F0]
	(No symbol) [0x00EFFAA6]
	(No symbol) [0x00F02CBA]
	(No symbol) [0x00F02D37]
	(No symbol) [0x00F3EF07]
	(No symbol) [0x00F3F65B]
	(No symbol) [0x00F352C1]
	(No symbol) [0x00F61F54]
	(No symbol) [0x00F34E44]
	(No symbol) [0x00F621A4]
	(No symbol) [0x00F7B49E]
	(No symbol) [0x00F61CA6]
	(No symbol) [0x00F331D5]
	(No symbol) [0x00F3435D]
	GetHandleVerifier [0x013907C3+3142947]
	GetHandleVerifier [0x013A1A2B+3213195]
	GetHandleVerifier [0x0139C412+3191154]
	GetHandleVerifier [0x01138720+685184]
	(No symbol) [0x01026E1D]
	(No symbol) [0x01023E18]
	(No symbol) [0x01023FB6]
	(No symbol) [0x010166F0]
	BaseThreadInitThunk [0x76F97BA9+25]
	RtlInitializeExceptionChain [0x77D0C0CB+107]
	RtlClearBits [0x77D0C04F+191]

2025-02-01 01:35:29,016 - ERROR - Error processing row: Message: no such element: element not found
  (Session info: chrome=132.0.6834.160); For documentation on this error, please visit: https://www.selenium.dev/documentation/webdriver/troubleshooting/errors#no-such-element-exception
Stacktrace:
	GetHandleVerifier [0x010974A3+25091]
	(No symbol) [0x0101DC04]
	(No symbol) [0x00EFB373]
	(No symbol) [0x00F0ACA9]
	(No symbol) [0x00F09D3E]
	(No symbol) [0x00F016F0]
	(No symbol) [0x00EFFAA6]
	(No symbol) [0x00F02CBA]
	(No symbol) [0x00F02D37]
	(No symbol) [0x00F3EF07]
	(No symbol) [0x00F3F65B]
	(No symbol) [0x00F352C1]
	(No symbol) [0x00F61F54]
	(No symbol) [0x00F34E44]
	(No symbol) [0x00F621A4]
	(No symbol) [0x00F7B49E]
	(No symbol) [0x00F61CA6]
	(No symbol) [0x00F331D5]
	(No symbol) [0x00F3435D]
	GetHandleVerifier [0x013907C3+3142947]
	GetHandleVerifier [0x013A1A2B+3213195]
	GetHandleVerifier [0x0139C412+3191154]
	GetHandleVerifier [0x01138720+685184]
	(No symbol) [0x01026E1D]
	(No symbol) [0x01023E18]
	(No symbol) [0x01023FB6]
	(No symbol) [0x010166F0]
	BaseThreadInitThunk [0x76F97BA9+25]
	RtlInitializeExceptionChain [0x77D0C0CB+107]
	RtlClearBits [0x77D0C04F+191]

2025-02-01 01:35:29,026 - ERROR - Error processing row: Message: no such element: element not found
  (Session info: chrome=132.0.6834.160); For documentation on this error, please visit: https://www.selenium.dev/documentation/webdriver/troubleshooting/errors#no-such-element-exception
Stacktrace:
	GetHandleVerifier [0x010974A3+25091]
	(No symbol) [0x0101DC04]
	(No symbol) [0x00EFB373]
	(No symbol) [0x00F0ACA9]
	(No symbol) [0x00F09D3E]
	(No symbol) [0x00F016F0]
	(No symbol) [0x00EFFAA6]
	(No symbol) [0x00F02CBA]
	(No symbol) [0x00F02D37]
	(No symbol) [0x00F3EF07]
	(No symbol) [0x00F3F65B]
	(No symbol) [0x00F352C1]
	(No symbol) [0x00F61F54]
	(No symbol) [0x00F34E44]
	(No symbol) [0x00F621A4]
	(No symbol) [0x00F7B49E]
	(No symbol) [0x00F61CA6]
	(No symbol) [0x00F331D5]
	(No symbol) [0x00F3435D]
	GetHandleVerifier [0x013907C3+3142947]
	GetHandleVerifier [0x013A1A2B+3213195]
	GetHandleVerifier [0x0139C412+3191154]
	GetHandleVerifier [0x01138720+685184]
	(No symbol) [0x01026E1D]
	(No symbol) [0x01023E18]
	(No symbol) [0x01023FB6]
	(No symbol) [0x010166F0]
	BaseThreadInitThunk [0x76F97BA9+25]
	RtlInitializeExceptionChain [0x77D0C0CB+107]
	RtlClearBits [0x77D0C04F+191]

2025-02-01 01:35:29,038 - ERROR - Error processing row: Message: no such element: element not found
  (Session info: chrome=132.0.6834.160); For documentation on this error, please visit: https://www.selenium.dev/documentation/webdriver/troubleshooting/errors#no-such-element-exception
Stacktrace:
	GetHandleVerifier [0x010974A3+25091]
	(No symbol) [0x0101DC04]
	(No symbol) [0x00EFB373]
	(No symbol) [0x00F0ACA9]
	(No symbol) [0x00F09D3E]
	(No symbol) [0x00F016F0]
	(No symbol) [0x00EFFAA6]
	(No symbol) [0x00F02CBA]
	(No symbol) [0x00F02D37]
	(No symbol) [0x00F3EF07]
	(No symbol) [0x00F3F65B]
	(No symbol) [0x00F352C1]
	(No symbol) [0x00F61F54]
	(No symbol) [0x00F34E44]
	(No symbol) [0x00F621A4]
	(No symbol) [0x00F7B49E]
	(No symbol) [0x00F61CA6]
	(No symbol) [0x00F331D5]
	(No symbol) [0x00F3435D]
	GetHandleVerifier [0x013907C3+3142947]
	GetHandleVerifier [0x013A1A2B+3213195]
	GetHandleVerifier [0x0139C412+3191154]
	GetHandleVerifier [0x01138720+685184]
	(No symbol) [0x01026E1D]
	(No symbol) [0x01023E18]
	(No symbol) [0x01023FB6]
	(No symbol) [0x010166F0]
	BaseThreadInitThunk [0x76F97BA9+25]
	RtlInitializeExceptionChain [0x77D0C0CB+107]
	RtlClearBits [0x77D0C04F+191]

2025-02-01 01:35:29,049 - ERROR - Error processing row: Message: no such element: element not found
  (Session info: chrome=132.0.6834.160); For documentation on this error, please visit: https://www.selenium.dev/documentation/webdriver/troubleshooting/errors#no-such-element-exception
Stacktrace:
	GetHandleVerifier [0x010974A3+25091]
	(No symbol) [0x0101DC04]
	(No symbol) [0x00EFB373]
	(No symbol) [0x00F0ACA9]
	(No symbol) [0x00F09D3E]
	(No symbol) [0x00F016F0]
	(No symbol) [0x00EFFAA6]
	(No symbol) [0x00F02CBA]
	(No symbol) [0x00F02D37]
	(No symbol) [0x00F3EF07]
	(No symbol) [0x00F3F65B]
	(No symbol) [0x00F352C1]
	(No symbol) [0x00F61F54]
	(No symbol) [0x00F34E44]
	(No symbol) [0x00F621A4]
	(No symbol) [0x00F7B49E]
	(No symbol) [0x00F61CA6]
	(No symbol) [0x00F331D5]
	(No symbol) [0x00F3435D]
	GetHandleVerifier [0x013907C3+3142947]
	GetHandleVerifier [0x013A1A2B+3213195]
	GetHandleVerifier [0x0139C412+3191154]
	GetHandleVerifier [0x01138720+685184]
	(No symbol) [0x01026E1D]
	(No symbol) [0x01023E18]
	(No symbol) [0x01023FB6]
	(No symbol) [0x010166F0]
	BaseThreadInitThunk [0x76F97BA9+25]
	RtlInitializeExceptionChain [0x77D0C0CB+107]
	RtlClearBits [0x77D0C04F+191]

2025-02-01 01:35:29,058 - ERROR - Error processing row: Message: no such element: element not found
  (Session info: chrome=132.0.6834.160); For documentation on this error, please visit: https://www.selenium.dev/documentation/webdriver/troubleshooting/errors#no-such-element-exception
Stacktrace:
	GetHandleVerifier [0x010974A3+25091]
	(No symbol) [0x0101DC04]
	(No symbol) [0x00EFB373]
	(No symbol) [0x00F0ACA9]
	(No symbol) [0x00F09D3E]
	(No symbol) [0x00F016F0]
	(No symbol) [0x00EFFAA6]
	(No symbol) [0x00F02CBA]
	(No symbol) [0x00F02D37]
	(No symbol) [0x00F3EF07]
	(No symbol) [0x00F3F65B]
	(No symbol) [0x00F352C1]
	(No symbol) [0x00F61F54]
	(No symbol) [0x00F34E44]
	(No symbol) [0x00F621A4]
	(No symbol) [0x00F7B49E]
	(No symbol) [0x00F61CA6]
	(No symbol) [0x00F331D5]
	(No symbol) [0x00F3435D]
	GetHandleVerifier [0x013907C3+3142947]
	GetHandleVerifier [0x013A1A2B+3213195]
	GetHandleVerifier [0x0139C412+3191154]
	GetHandleVerifier [0x01138720+685184]
	(No symbol) [0x01026E1D]
	(No symbol) [0x01023E18]
	(No symbol) [0x01023FB6]
	(No symbol) [0x010166F0]
	BaseThreadInitThunk [0x76F97BA9+25]
	RtlInitializeExceptionChain [0x77D0C0CB+107]
	RtlClearBits [0x77D0C04F+191]

2025-02-01 01:35:29,069 - ERROR - Error processing row: Message: no such element: element not found
  (Session info: chrome=132.0.6834.160); For documentation on this error, please visit: https://www.selenium.dev/documentation/webdriver/troubleshooting/errors#no-such-element-exception
Stacktrace:
	GetHandleVerifier [0x010974A3+25091]
	(No symbol) [0x0101DC04]
	(No symbol) [0x00EFB373]
	(No symbol) [0x00F0ACA9]
	(No symbol) [0x00F09D3E]
	(No symbol) [0x00F016F0]
	(No symbol) [0x00EFFAA6]
	(No symbol) [0x00F02CBA]
	(No symbol) [0x00F02D37]
	(No symbol) [0x00F3EF07]
	(No symbol) [0x00F3F65B]
	(No symbol) [0x00F352C1]
	(No symbol) [0x00F61F54]
	(No symbol) [0x00F34E44]
	(No symbol) [0x00F621A4]
	(No symbol) [0x00F7B49E]
	(No symbol) [0x00F61CA6]
	(No symbol) [0x00F331D5]
	(No symbol) [0x00F3435D]
	GetHandleVerifier [0x013907C3+3142947]
	GetHandleVerifier [0x013A1A2B+3213195]
	GetHandleVerifier [0x0139C412+3191154]
	GetHandleVerifier [0x01138720+685184]
	(No symbol) [0x01026E1D]
	(No symbol) [0x01023E18]
	(No symbol) [0x01023FB6]
	(No symbol) [0x010166F0]
	BaseThreadInitThunk [0x76F97BA9+25]
	RtlInitializeExceptionChain [0x77D0C0CB+107]
	RtlClearBits [0x77D0C04F+191]

2025-02-01 01:35:29,076 - ERROR - Error processing row: Message: no such element: element not found
  (Session info: chrome=132.0.6834.160); For documentation on this error, please visit: https://www.selenium.dev/documentation/webdriver/troubleshooting/errors#no-such-element-exception
Stacktrace:
	GetHandleVerifier [0x010974A3+25091]
	(No symbol) [0x0101DC04]
	(No symbol) [0x00EFB373]
	(No symbol) [0x00F0ACA9]
	(No symbol) [0x00F09D3E]
	(No symbol) [0x00F016F0]
	(No symbol) [0x00EFFAA6]
	(No symbol) [0x00F02CBA]
	(No symbol) [0x00F02D37]
	(No symbol) [0x00F3EF07]
	(No symbol) [0x00F3F65B]
	(No symbol) [0x00F352C1]
	(No symbol) [0x00F61F54]
	(No symbol) [0x00F34E44]
	(No symbol) [0x00F621A4]
	(No symbol) [0x00F7B49E]
	(No symbol) [0x00F61CA6]
	(No symbol) [0x00F331D5]
	(No symbol) [0x00F3435D]
	GetHandleVerifier [0x013907C3+3142947]
	GetHandleVerifier [0x013A1A2B+3213195]
	GetHandleVerifier [0x0139C412+3191154]
	GetHandleVerifier [0x01138720+685184]
	(No symbol) [0x01026E1D]
	(No symbol) [0x01023E18]
	(No symbol) [0x01023FB6]
	(No symbol) [0x010166F0]
	BaseThreadInitThunk [0x76F97BA9+25]
	RtlInitializeExceptionChain [0x77D0C0CB+107]
	RtlClearBits [0x77D0C04F+191]

2025-02-01 01:35:29,085 - ERROR - Error processing row: Message: no such element: element not found
  (Session info: chrome=132.0.6834.160); For documentation on this error, please visit: https://www.selenium.dev/documentation/webdriver/troubleshooting/errors#no-such-element-exception
Stacktrace:
	GetHandleVerifier [0x010974A3+25091]
	(No symbol) [0x0101DC04]
	(No symbol) [0x00EFB373]
	(No symbol) [0x00F0ACA9]
	(No symbol) [0x00F09D3E]
	(No symbol) [0x00F016F0]
	(No symbol) [0x00EFFAA6]
	(No symbol) [0x00F02CBA]
	(No symbol) [0x00F02D37]
	(No symbol) [0x00F3EF07]
	(No symbol) [0x00F3F65B]
	(No symbol) [0x00F352C1]
	(No symbol) [0x00F61F54]
	(No symbol) [0x00F34E44]
	(No symbol) [0x00F621A4]
	(No symbol) [0x00F7B49E]
	(No symbol) [0x00F61CA6]
	(No symbol) [0x00F331D5]
	(No symbol) [0x00F3435D]
	GetHandleVerifier [0x013907C3+3142947]
	GetHandleVerifier [0x013A1A2B+3213195]
	GetHandleVerifier [0x0139C412+3191154]
	GetHandleVerifier [0x01138720+685184]
	(No symbol) [0x01026E1D]
	(No symbol) [0x01023E18]
	(No symbol) [0x01023FB6]
	(No symbol) [0x010166F0]
	BaseThreadInitThunk [0x76F97BA9+25]
	RtlInitializeExceptionChain [0x77D0C0CB+107]
	RtlClearBits [0x77D0C04F+191]

2025-02-01 01:35:29,092 - ERROR - Error processing row: Message: no such element: element not found
  (Session info: chrome=132.0.6834.160); For documentation on this error, please visit: https://www.selenium.dev/documentation/webdriver/troubleshooting/errors#no-such-element-exception
Stacktrace:
	GetHandleVerifier [0x010974A3+25091]
	(No symbol) [0x0101DC04]
	(No symbol) [0x00EFB373]
	(No symbol) [0x00F0ACA9]
	(No symbol) [0x00F09D3E]
	(No symbol) [0x00F016F0]
	(No symbol) [0x00EFFAA6]
	(No symbol) [0x00F02CBA]
	(No symbol) [0x00F02D37]
	(No symbol) [0x00F3EF07]
	(No symbol) [0x00F3F65B]
	(No symbol) [0x00F352C1]
	(No symbol) [0x00F61F54]
	(No symbol) [0x00F34E44]
	(No symbol) [0x00F621A4]
	(No symbol) [0x00F7B49E]
	(No symbol) [0x00F61CA6]
	(No symbol) [0x00F331D5]
	(No symbol) [0x00F3435D]
	GetHandleVerifier [0x013907C3+3142947]
	GetHandleVerifier [0x013A1A2B+3213195]
	GetHandleVerifier [0x0139C412+3191154]
	GetHandleVerifier [0x01138720+685184]
	(No symbol) [0x01026E1D]
	(No symbol) [0x01023E18]
	(No symbol) [0x01023FB6]
	(No symbol) [0x010166F0]
	BaseThreadInitThunk [0x76F97BA9+25]
	RtlInitializeExceptionChain [0x77D0C0CB+107]
	RtlClearBits [0x77D0C04F+191]

2025-02-01 01:35:29,101 - ERROR - Error processing row: Message: no such element: element not found
  (Session info: chrome=132.0.6834.160); For documentation on this error, please visit: https://www.selenium.dev/documentation/webdriver/troubleshooting/errors#no-such-element-exception
Stacktrace:
	GetHandleVerifier [0x010974A3+25091]
	(No symbol) [0x0101DC04]
	(No symbol) [0x00EFB373]
	(No symbol) [0x00F0ACA9]
	(No symbol) [0x00F09D3E]
	(No symbol) [0x00F016F0]
	(No symbol) [0x00EFFAA6]
	(No symbol) [0x00F02CBA]
	(No symbol) [0x00F02D37]
	(No symbol) [0x00F3EF07]
	(No symbol) [0x00F3F65B]
	(No symbol) [0x00F352C1]
	(No symbol) [0x00F61F54]
	(No symbol) [0x00F34E44]
	(No symbol) [0x00F621A4]
	(No symbol) [0x00F7B49E]
	(No symbol) [0x00F61CA6]
	(No symbol) [0x00F331D5]
	(No symbol) [0x00F3435D]
	GetHandleVerifier [0x013907C3+3142947]
	GetHandleVerifier [0x013A1A2B+3213195]
	GetHandleVerifier [0x0139C412+3191154]
	GetHandleVerifier [0x01138720+685184]
	(No symbol) [0x01026E1D]
	(No symbol) [0x01023E18]
	(No symbol) [0x01023FB6]
	(No symbol) [0x010166F0]
	BaseThreadInitThunk [0x76F97BA9+25]
	RtlInitializeExceptionChain [0x77D0C0CB+107]
	RtlClearBits [0x77D0C04F+191]

2025-02-01 01:35:29,109 - ERROR - Error processing row: Message: no such element: element not found
  (Session info: chrome=132.0.6834.160); For documentation on this error, please visit: https://www.selenium.dev/documentation/webdriver/troubleshooting/errors#no-such-element-exception
Stacktrace:
	GetHandleVerifier [0x010974A3+25091]
	(No symbol) [0x0101DC04]
	(No symbol) [0x00EFB373]
	(No symbol) [0x00F0ACA9]
	(No symbol) [0x00F09D3E]
	(No symbol) [0x00F016F0]
	(No symbol) [0x00EFFAA6]
	(No symbol) [0x00F02CBA]
	(No symbol) [0x00F02D37]
	(No symbol) [0x00F3EF07]
	(No symbol) [0x00F3F65B]
	(No symbol) [0x00F352C1]
	(No symbol) [0x00F61F54]
	(No symbol) [0x00F34E44]
	(No symbol) [0x00F621A4]
	(No symbol) [0x00F7B49E]
	(No symbol) [0x00F61CA6]
	(No symbol) [0x00F331D5]
	(No symbol) [0x00F3435D]
	GetHandleVerifier [0x013907C3+3142947]
	GetHandleVerifier [0x013A1A2B+3213195]
	GetHandleVerifier [0x0139C412+3191154]
	GetHandleVerifier [0x01138720+685184]
	(No symbol) [0x01026E1D]
	(No symbol) [0x01023E18]
	(No symbol) [0x01023FB6]
	(No symbol) [0x010166F0]
	BaseThreadInitThunk [0x76F97BA9+25]
	RtlInitializeExceptionChain [0x77D0C0CB+107]
	RtlClearBits [0x77D0C04F+191]

2025-02-01 01:35:29,118 - ERROR - Error processing row: Message: no such element: element not found
  (Session info: chrome=132.0.6834.160); For documentation on this error, please visit: https://www.selenium.dev/documentation/webdriver/troubleshooting/errors#no-such-element-exception
Stacktrace:
	GetHandleVerifier [0x010974A3+25091]
	(No symbol) [0x0101DC04]
	(No symbol) [0x00EFB373]
	(No symbol) [0x00F0ACA9]
	(No symbol) [0x00F09D3E]
	(No symbol) [0x00F016F0]
	(No symbol) [0x00EFFAA6]
	(No symbol) [0x00F02CBA]
	(No symbol) [0x00F02D37]
	(No symbol) [0x00F3EF07]
	(No symbol) [0x00F3F65B]
	(No symbol) [0x00F352C1]
	(No symbol) [0x00F61F54]
	(No symbol) [0x00F34E44]
	(No symbol) [0x00F621A4]
	(No symbol) [0x00F7B49E]
	(No symbol) [0x00F61CA6]
	(No symbol) [0x00F331D5]
	(No symbol) [0x00F3435D]
	GetHandleVerifier [0x013907C3+3142947]
	GetHandleVerifier [0x013A1A2B+3213195]
	GetHandleVerifier [0x0139C412+3191154]
	GetHandleVerifier [0x01138720+685184]
	(No symbol) [0x01026E1D]
	(No symbol) [0x01023E18]
	(No symbol) [0x01023FB6]
	(No symbol) [0x010166F0]
	BaseThreadInitThunk [0x76F97BA9+25]
	RtlInitializeExceptionChain [0x77D0C0CB+107]
	RtlClearBits [0x77D0C04F+191]

2025-02-01 01:35:29,125 - ERROR - Error processing row: Message: no such element: element not found
  (Session info: chrome=132.0.6834.160); For documentation on this error, please visit: https://www.selenium.dev/documentation/webdriver/troubleshooting/errors#no-such-element-exception
Stacktrace:
	GetHandleVerifier [0x010974A3+25091]
	(No symbol) [0x0101DC04]
	(No symbol) [0x00EFB373]
	(No symbol) [0x00F0ACA9]
	(No symbol) [0x00F09D3E]
	(No symbol) [0x00F016F0]
	(No symbol) [0x00EFFAA6]
	(No symbol) [0x00F02CBA]
	(No symbol) [0x00F02D37]
	(No symbol) [0x00F3EF07]
	(No symbol) [0x00F3F65B]
	(No symbol) [0x00F352C1]
	(No symbol) [0x00F61F54]
	(No symbol) [0x00F34E44]
	(No symbol) [0x00F621A4]
	(No symbol) [0x00F7B49E]
	(No symbol) [0x00F61CA6]
	(No symbol) [0x00F331D5]
	(No symbol) [0x00F3435D]
	GetHandleVerifier [0x013907C3+3142947]
	GetHandleVerifier [0x013A1A2B+3213195]
	GetHandleVerifier [0x0139C412+3191154]
	GetHandleVerifier [0x01138720+685184]
	(No symbol) [0x01026E1D]
	(No symbol) [0x01023E18]
	(No symbol) [0x01023FB6]
	(No symbol) [0x010166F0]
	BaseThreadInitThunk [0x76F97BA9+25]
	RtlInitializeExceptionChain [0x77D0C0CB+107]
	RtlClearBits [0x77D0C04F+191]

2025-02-01 01:35:29,135 - ERROR - Error processing row: Message: no such element: element not found
  (Session info: chrome=132.0.6834.160); For documentation on this error, please visit: https://www.selenium.dev/documentation/webdriver/troubleshooting/errors#no-such-element-exception
Stacktrace:
	GetHandleVerifier [0x010974A3+25091]
	(No symbol) [0x0101DC04]
	(No symbol) [0x00EFB373]
	(No symbol) [0x00F0ACA9]
	(No symbol) [0x00F09D3E]
	(No symbol) [0x00F016F0]
	(No symbol) [0x00EFFAA6]
	(No symbol) [0x00F02CBA]
	(No symbol) [0x00F02D37]
	(No symbol) [0x00F3EF07]
	(No symbol) [0x00F3F65B]
	(No symbol) [0x00F352C1]
	(No symbol) [0x00F61F54]
	(No symbol) [0x00F34E44]
	(No symbol) [0x00F621A4]
	(No symbol) [0x00F7B49E]
	(No symbol) [0x00F61CA6]
	(No symbol) [0x00F331D5]
	(No symbol) [0x00F3435D]
	GetHandleVerifier [0x013907C3+3142947]
	GetHandleVerifier [0x013A1A2B+3213195]
	GetHandleVerifier [0x0139C412+3191154]
	GetHandleVerifier [0x01138720+685184]
	(No symbol) [0x01026E1D]
	(No symbol) [0x01023E18]
	(No symbol) [0x01023FB6]
	(No symbol) [0x010166F0]
	BaseThreadInitThunk [0x76F97BA9+25]
	RtlInitializeExceptionChain [0x77D0C0CB+107]
	RtlClearBits [0x77D0C04F+191]

2025-02-01 01:35:29,142 - ERROR - Error processing row: Message: no such element: element not found
  (Session info: chrome=132.0.6834.160); For documentation on this error, please visit: https://www.selenium.dev/documentation/webdriver/troubleshooting/errors#no-such-element-exception
Stacktrace:
	GetHandleVerifier [0x010974A3+25091]
	(No symbol) [0x0101DC04]
	(No symbol) [0x00EFB373]
	(No symbol) [0x00F0ACA9]
	(No symbol) [0x00F09D3E]
	(No symbol) [0x00F016F0]
	(No symbol) [0x00EFFAA6]
	(No symbol) [0x00F02CBA]
	(No symbol) [0x00F02D37]
	(No symbol) [0x00F3EF07]
	(No symbol) [0x00F3F65B]
	(No symbol) [0x00F352C1]
	(No symbol) [0x00F61F54]
	(No symbol) [0x00F34E44]
	(No symbol) [0x00F621A4]
	(No symbol) [0x00F7B49E]
	(No symbol) [0x00F61CA6]
	(No symbol) [0x00F331D5]
	(No symbol) [0x00F3435D]
	GetHandleVerifier [0x013907C3+3142947]
	GetHandleVerifier [0x013A1A2B+3213195]
	GetHandleVerifier [0x0139C412+3191154]
	GetHandleVerifier [0x01138720+685184]
	(No symbol) [0x01026E1D]
	(No symbol) [0x01023E18]
	(No symbol) [0x01023FB6]
	(No symbol) [0x010166F0]
	BaseThreadInitThunk [0x76F97BA9+25]
	RtlInitializeExceptionChain [0x77D0C0CB+107]
	RtlClearBits [0x77D0C04F+191]

2025-02-01 01:35:29,150 - ERROR - Error processing row: Message: no such element: element not found
  (Session info: chrome=132.0.6834.160); For documentation on this error, please visit: https://www.selenium.dev/documentation/webdriver/troubleshooting/errors#no-such-element-exception
Stacktrace:
	GetHandleVerifier [0x010974A3+25091]
	(No symbol) [0x0101DC04]
	(No symbol) [0x00EFB373]
	(No symbol) [0x00F0ACA9]
	(No symbol) [0x00F09D3E]
	(No symbol) [0x00F016F0]
	(No symbol) [0x00EFFAA6]
	(No symbol) [0x00F02CBA]
	(No symbol) [0x00F02D37]
	(No symbol) [0x00F3EF07]
	(No symbol) [0x00F3F65B]
	(No symbol) [0x00F352C1]
	(No symbol) [0x00F61F54]
	(No symbol) [0x00F34E44]
	(No symbol) [0x00F621A4]
	(No symbol) [0x00F7B49E]
	(No symbol) [0x00F61CA6]
	(No symbol) [0x00F331D5]
	(No symbol) [0x00F3435D]
	GetHandleVerifier [0x013907C3+3142947]
	GetHandleVerifier [0x013A1A2B+3213195]
	GetHandleVerifier [0x0139C412+3191154]
	GetHandleVerifier [0x01138720+685184]
	(No symbol) [0x01026E1D]
	(No symbol) [0x01023E18]
	(No symbol) [0x01023FB6]
	(No symbol) [0x010166F0]
	BaseThreadInitThunk [0x76F97BA9+25]
	RtlInitializeExceptionChain [0x77D0C0CB+107]
	RtlClearBits [0x77D0C04F+191]

2025-02-01 01:35:29,155 - INFO - Data successfully written to data.csv.
2025-02-01 01:35:29,686 - INFO - Browser instance closed.
2025-02-01 01:40:13,851 - INFO - patching driver executable C:\Users\Administrator\appdata\roaming\undetected_chromedriver\undetected_chromedriver.exe
2025-02-01 01:40:20,124 - INFO - Site loaded successfully!
2025-02-01 01:41:21,411 - ERROR - Critical error in main loop: Message: 

2025-02-01 01:41:21,412 - INFO - Data successfully written to data.csv.
2025-02-01 01:41:21,912 - INFO - Browser instance closed.
2025-02-01 01:41:31,306 - INFO - patching driver executable C:\Users\Administrator\appdata\roaming\undetected_chromedriver\undetected_chromedriver.exe
2025-02-01 01:41:37,433 - INFO - Site loaded successfully!
2025-02-01 01:42:00,083 - ERROR - Error processing row: name 'extract_defendant_names' is not defined
2025-02-01 01:42:00,089 - ERROR - Error processing row: Message: no such element: element not found
  (Session info: chrome=132.0.6834.160); For documentation on this error, please visit: https://www.selenium.dev/documentation/webdriver/troubleshooting/errors#no-such-element-exception
Stacktrace:
	GetHandleVerifier [0x012074A3+25091]
	(No symbol) [0x0118DC04]
	(No symbol) [0x0106B373]
	(No symbol) [0x0107ACA9]
	(No symbol) [0x01079D3E]
	(No symbol) [0x010716F0]
	(No symbol) [0x0106FAA6]
	(No symbol) [0x01072CBA]
	(No symbol) [0x01072D37]
	(No symbol) [0x010AEF07]
	(No symbol) [0x010AF65B]
	(No symbol) [0x010A52C1]
	(No symbol) [0x010D1F54]
	(No symbol) [0x010A4E44]
	(No symbol) [0x010D21A4]
	(No symbol) [0x010EB49E]
	(No symbol) [0x010D1CA6]
	(No symbol) [0x010A31D5]
	(No symbol) [0x010A435D]
	GetHandleVerifier [0x015007C3+3142947]
	GetHandleVerifier [0x01511A2B+3213195]
	GetHandleVerifier [0x0150C412+3191154]
	GetHandleVerifier [0x012A8720+685184]
	(No symbol) [0x01196E1D]
	(No symbol) [0x01193E18]
	(No symbol) [0x01193FB6]
	(No symbol) [0x011866F0]
	BaseThreadInitThunk [0x76F97BA9+25]
	RtlInitializeExceptionChain [0x77D0C0CB+107]
	RtlClearBits [0x77D0C04F+191]

2025-02-01 01:42:00,098 - ERROR - Error processing row: Message: no such element: element not found
  (Session info: chrome=132.0.6834.160); For documentation on this error, please visit: https://www.selenium.dev/documentation/webdriver/troubleshooting/errors#no-such-element-exception
Stacktrace:
	GetHandleVerifier [0x012074A3+25091]
	(No symbol) [0x0118DC04]
	(No symbol) [0x0106B373]
	(No symbol) [0x0107ACA9]
	(No symbol) [0x01079D3E]
	(No symbol) [0x010716F0]
	(No symbol) [0x0106FAA6]
	(No symbol) [0x01072CBA]
	(No symbol) [0x01072D37]
	(No symbol) [0x010AEF07]
	(No symbol) [0x010AF65B]
	(No symbol) [0x010A52C1]
	(No symbol) [0x010D1F54]
	(No symbol) [0x010A4E44]
	(No symbol) [0x010D21A4]
	(No symbol) [0x010EB49E]
	(No symbol) [0x010D1CA6]
	(No symbol) [0x010A31D5]
	(No symbol) [0x010A435D]
	GetHandleVerifier [0x015007C3+3142947]
	GetHandleVerifier [0x01511A2B+3213195]
	GetHandleVerifier [0x0150C412+3191154]
	GetHandleVerifier [0x012A8720+685184]
	(No symbol) [0x01196E1D]
	(No symbol) [0x01193E18]
	(No symbol) [0x01193FB6]
	(No symbol) [0x011866F0]
	BaseThreadInitThunk [0x76F97BA9+25]
	RtlInitializeExceptionChain [0x77D0C0CB+107]
	RtlClearBits [0x77D0C04F+191]

2025-02-01 01:42:00,107 - ERROR - Error processing row: Message: no such element: element not found
  (Session info: chrome=132.0.6834.160); For documentation on this error, please visit: https://www.selenium.dev/documentation/webdriver/troubleshooting/errors#no-such-element-exception
Stacktrace:
	GetHandleVerifier [0x012074A3+25091]
	(No symbol) [0x0118DC04]
	(No symbol) [0x0106B373]
	(No symbol) [0x0107ACA9]
	(No symbol) [0x01079D3E]
	(No symbol) [0x010716F0]
	(No symbol) [0x0106FAA6]
	(No symbol) [0x01072CBA]
	(No symbol) [0x01072D37]
	(No symbol) [0x010AEF07]
	(No symbol) [0x010AF65B]
	(No symbol) [0x010A52C1]
	(No symbol) [0x010D1F54]
	(No symbol) [0x010A4E44]
	(No symbol) [0x010D21A4]
	(No symbol) [0x010EB49E]
	(No symbol) [0x010D1CA6]
	(No symbol) [0x010A31D5]
	(No symbol) [0x010A435D]
	GetHandleVerifier [0x015007C3+3142947]
	GetHandleVerifier [0x01511A2B+3213195]
	GetHandleVerifier [0x0150C412+3191154]
	GetHandleVerifier [0x012A8720+685184]
	(No symbol) [0x01196E1D]
	(No symbol) [0x01193E18]
	(No symbol) [0x01193FB6]
	(No symbol) [0x011866F0]
	BaseThreadInitThunk [0x76F97BA9+25]
	RtlInitializeExceptionChain [0x77D0C0CB+107]
	RtlClearBits [0x77D0C04F+191]

2025-02-01 01:42:00,118 - ERROR - Error processing row: Message: no such element: element not found
  (Session info: chrome=132.0.6834.160); For documentation on this error, please visit: https://www.selenium.dev/documentation/webdriver/troubleshooting/errors#no-such-element-exception
Stacktrace:
	GetHandleVerifier [0x012074A3+25091]
	(No symbol) [0x0118DC04]
	(No symbol) [0x0106B373]
	(No symbol) [0x0107ACA9]
	(No symbol) [0x01079D3E]
	(No symbol) [0x010716F0]
	(No symbol) [0x0106FAA6]
	(No symbol) [0x01072CBA]
	(No symbol) [0x01072D37]
	(No symbol) [0x010AEF07]
	(No symbol) [0x010AF65B]
	(No symbol) [0x010A52C1]
	(No symbol) [0x010D1F54]
	(No symbol) [0x010A4E44]
	(No symbol) [0x010D21A4]
	(No symbol) [0x010EB49E]
	(No symbol) [0x010D1CA6]
	(No symbol) [0x010A31D5]
	(No symbol) [0x010A435D]
	GetHandleVerifier [0x015007C3+3142947]
	GetHandleVerifier [0x01511A2B+3213195]
	GetHandleVerifier [0x0150C412+3191154]
	GetHandleVerifier [0x012A8720+685184]
	(No symbol) [0x01196E1D]
	(No symbol) [0x01193E18]
	(No symbol) [0x01193FB6]
	(No symbol) [0x011866F0]
	BaseThreadInitThunk [0x76F97BA9+25]
	RtlInitializeExceptionChain [0x77D0C0CB+107]
	RtlClearBits [0x77D0C04F+191]

2025-02-01 01:42:00,128 - ERROR - Error processing row: Message: no such element: element not found
  (Session info: chrome=132.0.6834.160); For documentation on this error, please visit: https://www.selenium.dev/documentation/webdriver/troubleshooting/errors#no-such-element-exception
Stacktrace:
	GetHandleVerifier [0x012074A3+25091]
	(No symbol) [0x0118DC04]
	(No symbol) [0x0106B373]
	(No symbol) [0x0107ACA9]
	(No symbol) [0x01079D3E]
	(No symbol) [0x010716F0]
	(No symbol) [0x0106FAA6]
	(No symbol) [0x01072CBA]
	(No symbol) [0x01072D37]
	(No symbol) [0x010AEF07]
	(No symbol) [0x010AF65B]
	(No symbol) [0x010A52C1]
	(No symbol) [0x010D1F54]
	(No symbol) [0x010A4E44]
	(No symbol) [0x010D21A4]
	(No symbol) [0x010EB49E]
	(No symbol) [0x010D1CA6]
	(No symbol) [0x010A31D5]
	(No symbol) [0x010A435D]
	GetHandleVerifier [0x015007C3+3142947]
	GetHandleVerifier [0x01511A2B+3213195]
	GetHandleVerifier [0x0150C412+3191154]
	GetHandleVerifier [0x012A8720+685184]
	(No symbol) [0x01196E1D]
	(No symbol) [0x01193E18]
	(No symbol) [0x01193FB6]
	(No symbol) [0x011866F0]
	BaseThreadInitThunk [0x76F97BA9+25]
	RtlInitializeExceptionChain [0x77D0C0CB+107]
	RtlClearBits [0x77D0C04F+191]

2025-02-01 01:42:00,138 - ERROR - Error processing row: Message: no such element: element not found
  (Session info: chrome=132.0.6834.160); For documentation on this error, please visit: https://www.selenium.dev/documentation/webdriver/troubleshooting/errors#no-such-element-exception
Stacktrace:
	GetHandleVerifier [0x012074A3+25091]
	(No symbol) [0x0118DC04]
	(No symbol) [0x0106B373]
	(No symbol) [0x0107ACA9]
	(No symbol) [0x01079D3E]
	(No symbol) [0x010716F0]
	(No symbol) [0x0106FAA6]
	(No symbol) [0x01072CBA]
	(No symbol) [0x01072D37]
	(No symbol) [0x010AEF07]
	(No symbol) [0x010AF65B]
	(No symbol) [0x010A52C1]
	(No symbol) [0x010D1F54]
	(No symbol) [0x010A4E44]
	(No symbol) [0x010D21A4]
	(No symbol) [0x010EB49E]
	(No symbol) [0x010D1CA6]
	(No symbol) [0x010A31D5]
	(No symbol) [0x010A435D]
	GetHandleVerifier [0x015007C3+3142947]
	GetHandleVerifier [0x01511A2B+3213195]
	GetHandleVerifier [0x0150C412+3191154]
	GetHandleVerifier [0x012A8720+685184]
	(No symbol) [0x01196E1D]
	(No symbol) [0x01193E18]
	(No symbol) [0x01193FB6]
	(No symbol) [0x011866F0]
	BaseThreadInitThunk [0x76F97BA9+25]
	RtlInitializeExceptionChain [0x77D0C0CB+107]
	RtlClearBits [0x77D0C04F+191]

2025-02-01 01:42:00,147 - ERROR - Error processing row: Message: no such element: element not found
  (Session info: chrome=132.0.6834.160); For documentation on this error, please visit: https://www.selenium.dev/documentation/webdriver/troubleshooting/errors#no-such-element-exception
Stacktrace:
	GetHandleVerifier [0x012074A3+25091]
	(No symbol) [0x0118DC04]
	(No symbol) [0x0106B373]
	(No symbol) [0x0107ACA9]
	(No symbol) [0x01079D3E]
	(No symbol) [0x010716F0]
	(No symbol) [0x0106FAA6]
	(No symbol) [0x01072CBA]
	(No symbol) [0x01072D37]
	(No symbol) [0x010AEF07]
	(No symbol) [0x010AF65B]
	(No symbol) [0x010A52C1]
	(No symbol) [0x010D1F54]
	(No symbol) [0x010A4E44]
	(No symbol) [0x010D21A4]
	(No symbol) [0x010EB49E]
	(No symbol) [0x010D1CA6]
	(No symbol) [0x010A31D5]
	(No symbol) [0x010A435D]
	GetHandleVerifier [0x015007C3+3142947]
	GetHandleVerifier [0x01511A2B+3213195]
	GetHandleVerifier [0x0150C412+3191154]
	GetHandleVerifier [0x012A8720+685184]
	(No symbol) [0x01196E1D]
	(No symbol) [0x01193E18]
	(No symbol) [0x01193FB6]
	(No symbol) [0x011866F0]
	BaseThreadInitThunk [0x76F97BA9+25]
	RtlInitializeExceptionChain [0x77D0C0CB+107]
	RtlClearBits [0x77D0C04F+191]

2025-02-01 01:42:00,157 - ERROR - Error processing row: Message: no such element: element not found
  (Session info: chrome=132.0.6834.160); For documentation on this error, please visit: https://www.selenium.dev/documentation/webdriver/troubleshooting/errors#no-such-element-exception
Stacktrace:
	GetHandleVerifier [0x012074A3+25091]
	(No symbol) [0x0118DC04]
	(No symbol) [0x0106B373]
	(No symbol) [0x0107ACA9]
	(No symbol) [0x01079D3E]
	(No symbol) [0x010716F0]
	(No symbol) [0x0106FAA6]
	(No symbol) [0x01072CBA]
	(No symbol) [0x01072D37]
	(No symbol) [0x010AEF07]
	(No symbol) [0x010AF65B]
	(No symbol) [0x010A52C1]
	(No symbol) [0x010D1F54]
	(No symbol) [0x010A4E44]
	(No symbol) [0x010D21A4]
	(No symbol) [0x010EB49E]
	(No symbol) [0x010D1CA6]
	(No symbol) [0x010A31D5]
	(No symbol) [0x010A435D]
	GetHandleVerifier [0x015007C3+3142947]
	GetHandleVerifier [0x01511A2B+3213195]
	GetHandleVerifier [0x0150C412+3191154]
	GetHandleVerifier [0x012A8720+685184]
	(No symbol) [0x01196E1D]
	(No symbol) [0x01193E18]
	(No symbol) [0x01193FB6]
	(No symbol) [0x011866F0]
	BaseThreadInitThunk [0x76F97BA9+25]
	RtlInitializeExceptionChain [0x77D0C0CB+107]
	RtlClearBits [0x77D0C04F+191]

2025-02-01 01:42:00,165 - ERROR - Error processing row: Message: no such element: element not found
  (Session info: chrome=132.0.6834.160); For documentation on this error, please visit: https://www.selenium.dev/documentation/webdriver/troubleshooting/errors#no-such-element-exception
Stacktrace:
	GetHandleVerifier [0x012074A3+25091]
	(No symbol) [0x0118DC04]
	(No symbol) [0x0106B373]
	(No symbol) [0x0107ACA9]
	(No symbol) [0x01079D3E]
	(No symbol) [0x010716F0]
	(No symbol) [0x0106FAA6]
	(No symbol) [0x01072CBA]
	(No symbol) [0x01072D37]
	(No symbol) [0x010AEF07]
	(No symbol) [0x010AF65B]
	(No symbol) [0x010A52C1]
	(No symbol) [0x010D1F54]
	(No symbol) [0x010A4E44]
	(No symbol) [0x010D21A4]
	(No symbol) [0x010EB49E]
	(No symbol) [0x010D1CA6]
	(No symbol) [0x010A31D5]
	(No symbol) [0x010A435D]
	GetHandleVerifier [0x015007C3+3142947]
	GetHandleVerifier [0x01511A2B+3213195]
	GetHandleVerifier [0x0150C412+3191154]
	GetHandleVerifier [0x012A8720+685184]
	(No symbol) [0x01196E1D]
	(No symbol) [0x01193E18]
	(No symbol) [0x01193FB6]
	(No symbol) [0x011866F0]
	BaseThreadInitThunk [0x76F97BA9+25]
	RtlInitializeExceptionChain [0x77D0C0CB+107]
	RtlClearBits [0x77D0C04F+191]

2025-02-01 01:42:00,175 - ERROR - Error processing row: Message: no such element: element not found
  (Session info: chrome=132.0.6834.160); For documentation on this error, please visit: https://www.selenium.dev/documentation/webdriver/troubleshooting/errors#no-such-element-exception
Stacktrace:
	GetHandleVerifier [0x012074A3+25091]
	(No symbol) [0x0118DC04]
	(No symbol) [0x0106B373]
	(No symbol) [0x0107ACA9]
	(No symbol) [0x01079D3E]
	(No symbol) [0x010716F0]
	(No symbol) [0x0106FAA6]
	(No symbol) [0x01072CBA]
	(No symbol) [0x01072D37]
	(No symbol) [0x010AEF07]
	(No symbol) [0x010AF65B]
	(No symbol) [0x010A52C1]
	(No symbol) [0x010D1F54]
	(No symbol) [0x010A4E44]
	(No symbol) [0x010D21A4]
	(No symbol) [0x010EB49E]
	(No symbol) [0x010D1CA6]
	(No symbol) [0x010A31D5]
	(No symbol) [0x010A435D]
	GetHandleVerifier [0x015007C3+3142947]
	GetHandleVerifier [0x01511A2B+3213195]
	GetHandleVerifier [0x0150C412+3191154]
	GetHandleVerifier [0x012A8720+685184]
	(No symbol) [0x01196E1D]
	(No symbol) [0x01193E18]
	(No symbol) [0x01193FB6]
	(No symbol) [0x011866F0]
	BaseThreadInitThunk [0x76F97BA9+25]
	RtlInitializeExceptionChain [0x77D0C0CB+107]
	RtlClearBits [0x77D0C04F+191]

2025-02-01 01:42:00,185 - ERROR - Error processing row: Message: no such element: element not found
  (Session info: chrome=132.0.6834.160); For documentation on this error, please visit: https://www.selenium.dev/documentation/webdriver/troubleshooting/errors#no-such-element-exception
Stacktrace:
	GetHandleVerifier [0x012074A3+25091]
	(No symbol) [0x0118DC04]
	(No symbol) [0x0106B373]
	(No symbol) [0x0107ACA9]
	(No symbol) [0x01079D3E]
	(No symbol) [0x010716F0]
	(No symbol) [0x0106FAA6]
	(No symbol) [0x01072CBA]
	(No symbol) [0x01072D37]
	(No symbol) [0x010AEF07]
	(No symbol) [0x010AF65B]
	(No symbol) [0x010A52C1]
	(No symbol) [0x010D1F54]
	(No symbol) [0x010A4E44]
	(No symbol) [0x010D21A4]
	(No symbol) [0x010EB49E]
	(No symbol) [0x010D1CA6]
	(No symbol) [0x010A31D5]
	(No symbol) [0x010A435D]
	GetHandleVerifier [0x015007C3+3142947]
	GetHandleVerifier [0x01511A2B+3213195]
	GetHandleVerifier [0x0150C412+3191154]
	GetHandleVerifier [0x012A8720+685184]
	(No symbol) [0x01196E1D]
	(No symbol) [0x01193E18]
	(No symbol) [0x01193FB6]
	(No symbol) [0x011866F0]
	BaseThreadInitThunk [0x76F97BA9+25]
	RtlInitializeExceptionChain [0x77D0C0CB+107]
	RtlClearBits [0x77D0C04F+191]

2025-02-01 01:42:00,193 - ERROR - Error processing row: Message: no such element: element not found
  (Session info: chrome=132.0.6834.160); For documentation on this error, please visit: https://www.selenium.dev/documentation/webdriver/troubleshooting/errors#no-such-element-exception
Stacktrace:
	GetHandleVerifier [0x012074A3+25091]
	(No symbol) [0x0118DC04]
	(No symbol) [0x0106B373]
	(No symbol) [0x0107ACA9]
	(No symbol) [0x01079D3E]
	(No symbol) [0x010716F0]
	(No symbol) [0x0106FAA6]
	(No symbol) [0x01072CBA]
	(No symbol) [0x01072D37]
	(No symbol) [0x010AEF07]
	(No symbol) [0x010AF65B]
	(No symbol) [0x010A52C1]
	(No symbol) [0x010D1F54]
	(No symbol) [0x010A4E44]
	(No symbol) [0x010D21A4]
	(No symbol) [0x010EB49E]
	(No symbol) [0x010D1CA6]
	(No symbol) [0x010A31D5]
	(No symbol) [0x010A435D]
	GetHandleVerifier [0x015007C3+3142947]
	GetHandleVerifier [0x01511A2B+3213195]
	GetHandleVerifier [0x0150C412+3191154]
	GetHandleVerifier [0x012A8720+685184]
	(No symbol) [0x01196E1D]
	(No symbol) [0x01193E18]
	(No symbol) [0x01193FB6]
	(No symbol) [0x011866F0]
	BaseThreadInitThunk [0x76F97BA9+25]
	RtlInitializeExceptionChain [0x77D0C0CB+107]
	RtlClearBits [0x77D0C04F+191]

2025-02-01 01:42:00,203 - ERROR - Error processing row: Message: no such element: element not found
  (Session info: chrome=132.0.6834.160); For documentation on this error, please visit: https://www.selenium.dev/documentation/webdriver/troubleshooting/errors#no-such-element-exception
Stacktrace:
	GetHandleVerifier [0x012074A3+25091]
	(No symbol) [0x0118DC04]
	(No symbol) [0x0106B373]
	(No symbol) [0x0107ACA9]
	(No symbol) [0x01079D3E]
	(No symbol) [0x010716F0]
	(No symbol) [0x0106FAA6]
	(No symbol) [0x01072CBA]
	(No symbol) [0x01072D37]
	(No symbol) [0x010AEF07]
	(No symbol) [0x010AF65B]
	(No symbol) [0x010A52C1]
	(No symbol) [0x010D1F54]
	(No symbol) [0x010A4E44]
	(No symbol) [0x010D21A4]
	(No symbol) [0x010EB49E]
	(No symbol) [0x010D1CA6]
	(No symbol) [0x010A31D5]
	(No symbol) [0x010A435D]
	GetHandleVerifier [0x015007C3+3142947]
	GetHandleVerifier [0x01511A2B+3213195]
	GetHandleVerifier [0x0150C412+3191154]
	GetHandleVerifier [0x012A8720+685184]
	(No symbol) [0x01196E1D]
	(No symbol) [0x01193E18]
	(No symbol) [0x01193FB6]
	(No symbol) [0x011866F0]
	BaseThreadInitThunk [0x76F97BA9+25]
	RtlInitializeExceptionChain [0x77D0C0CB+107]
	RtlClearBits [0x77D0C04F+191]

2025-02-01 01:42:00,210 - ERROR - Error processing row: Message: no such element: element not found
  (Session info: chrome=132.0.6834.160); For documentation on this error, please visit: https://www.selenium.dev/documentation/webdriver/troubleshooting/errors#no-such-element-exception
Stacktrace:
	GetHandleVerifier [0x012074A3+25091]
	(No symbol) [0x0118DC04]
	(No symbol) [0x0106B373]
	(No symbol) [0x0107ACA9]
	(No symbol) [0x01079D3E]
	(No symbol) [0x010716F0]
	(No symbol) [0x0106FAA6]
	(No symbol) [0x01072CBA]
	(No symbol) [0x01072D37]
	(No symbol) [0x010AEF07]
	(No symbol) [0x010AF65B]
	(No symbol) [0x010A52C1]
	(No symbol) [0x010D1F54]
	(No symbol) [0x010A4E44]
	(No symbol) [0x010D21A4]
	(No symbol) [0x010EB49E]
	(No symbol) [0x010D1CA6]
	(No symbol) [0x010A31D5]
	(No symbol) [0x010A435D]
	GetHandleVerifier [0x015007C3+3142947]
	GetHandleVerifier [0x01511A2B+3213195]
	GetHandleVerifier [0x0150C412+3191154]
	GetHandleVerifier [0x012A8720+685184]
	(No symbol) [0x01196E1D]
	(No symbol) [0x01193E18]
	(No symbol) [0x01193FB6]
	(No symbol) [0x011866F0]
	BaseThreadInitThunk [0x76F97BA9+25]
	RtlInitializeExceptionChain [0x77D0C0CB+107]
	RtlClearBits [0x77D0C04F+191]

2025-02-01 01:42:00,220 - ERROR - Error processing row: Message: no such element: element not found
  (Session info: chrome=132.0.6834.160); For documentation on this error, please visit: https://www.selenium.dev/documentation/webdriver/troubleshooting/errors#no-such-element-exception
Stacktrace:
	GetHandleVerifier [0x012074A3+25091]
	(No symbol) [0x0118DC04]
	(No symbol) [0x0106B373]
	(No symbol) [0x0107ACA9]
	(No symbol) [0x01079D3E]
	(No symbol) [0x010716F0]
	(No symbol) [0x0106FAA6]
	(No symbol) [0x01072CBA]
	(No symbol) [0x01072D37]
	(No symbol) [0x010AEF07]
	(No symbol) [0x010AF65B]
	(No symbol) [0x010A52C1]
	(No symbol) [0x010D1F54]
	(No symbol) [0x010A4E44]
	(No symbol) [0x010D21A4]
	(No symbol) [0x010EB49E]
	(No symbol) [0x010D1CA6]
	(No symbol) [0x010A31D5]
	(No symbol) [0x010A435D]
	GetHandleVerifier [0x015007C3+3142947]
	GetHandleVerifier [0x01511A2B+3213195]
	GetHandleVerifier [0x0150C412+3191154]
	GetHandleVerifier [0x012A8720+685184]
	(No symbol) [0x01196E1D]
	(No symbol) [0x01193E18]
	(No symbol) [0x01193FB6]
	(No symbol) [0x011866F0]
	BaseThreadInitThunk [0x76F97BA9+25]
	RtlInitializeExceptionChain [0x77D0C0CB+107]
	RtlClearBits [0x77D0C04F+191]

2025-02-01 01:42:00,228 - ERROR - Error processing row: Message: no such element: element not found
  (Session info: chrome=132.0.6834.160); For documentation on this error, please visit: https://www.selenium.dev/documentation/webdriver/troubleshooting/errors#no-such-element-exception
Stacktrace:
	GetHandleVerifier [0x012074A3+25091]
	(No symbol) [0x0118DC04]
	(No symbol) [0x0106B373]
	(No symbol) [0x0107ACA9]
	(No symbol) [0x01079D3E]
	(No symbol) [0x010716F0]
	(No symbol) [0x0106FAA6]
	(No symbol) [0x01072CBA]
	(No symbol) [0x01072D37]
	(No symbol) [0x010AEF07]
	(No symbol) [0x010AF65B]
	(No symbol) [0x010A52C1]
	(No symbol) [0x010D1F54]
	(No symbol) [0x010A4E44]
	(No symbol) [0x010D21A4]
	(No symbol) [0x010EB49E]
	(No symbol) [0x010D1CA6]
	(No symbol) [0x010A31D5]
	(No symbol) [0x010A435D]
	GetHandleVerifier [0x015007C3+3142947]
	GetHandleVerifier [0x01511A2B+3213195]
	GetHandleVerifier [0x0150C412+3191154]
	GetHandleVerifier [0x012A8720+685184]
	(No symbol) [0x01196E1D]
	(No symbol) [0x01193E18]
	(No symbol) [0x01193FB6]
	(No symbol) [0x011866F0]
	BaseThreadInitThunk [0x76F97BA9+25]
	RtlInitializeExceptionChain [0x77D0C0CB+107]
	RtlClearBits [0x77D0C04F+191]

2025-02-01 01:42:00,239 - ERROR - Error processing row: Message: no such element: element not found
  (Session info: chrome=132.0.6834.160); For documentation on this error, please visit: https://www.selenium.dev/documentation/webdriver/troubleshooting/errors#no-such-element-exception
Stacktrace:
	GetHandleVerifier [0x012074A3+25091]
	(No symbol) [0x0118DC04]
	(No symbol) [0x0106B373]
	(No symbol) [0x0107ACA9]
	(No symbol) [0x01079D3E]
	(No symbol) [0x010716F0]
	(No symbol) [0x0106FAA6]
	(No symbol) [0x01072CBA]
	(No symbol) [0x01072D37]
	(No symbol) [0x010AEF07]
	(No symbol) [0x010AF65B]
	(No symbol) [0x010A52C1]
	(No symbol) [0x010D1F54]
	(No symbol) [0x010A4E44]
	(No symbol) [0x010D21A4]
	(No symbol) [0x010EB49E]
	(No symbol) [0x010D1CA6]
	(No symbol) [0x010A31D5]
	(No symbol) [0x010A435D]
	GetHandleVerifier [0x015007C3+3142947]
	GetHandleVerifier [0x01511A2B+3213195]
	GetHandleVerifier [0x0150C412+3191154]
	GetHandleVerifier [0x012A8720+685184]
	(No symbol) [0x01196E1D]
	(No symbol) [0x01193E18]
	(No symbol) [0x01193FB6]
	(No symbol) [0x011866F0]
	BaseThreadInitThunk [0x76F97BA9+25]
	RtlInitializeExceptionChain [0x77D0C0CB+107]
	RtlClearBits [0x77D0C04F+191]

2025-02-01 01:42:00,246 - ERROR - Error processing row: Message: no such element: element not found
  (Session info: chrome=132.0.6834.160); For documentation on this error, please visit: https://www.selenium.dev/documentation/webdriver/troubleshooting/errors#no-such-element-exception
Stacktrace:
	GetHandleVerifier [0x012074A3+25091]
	(No symbol) [0x0118DC04]
	(No symbol) [0x0106B373]
	(No symbol) [0x0107ACA9]
	(No symbol) [0x01079D3E]
	(No symbol) [0x010716F0]
	(No symbol) [0x0106FAA6]
	(No symbol) [0x01072CBA]
	(No symbol) [0x01072D37]
	(No symbol) [0x010AEF07]
	(No symbol) [0x010AF65B]
	(No symbol) [0x010A52C1]
	(No symbol) [0x010D1F54]
	(No symbol) [0x010A4E44]
	(No symbol) [0x010D21A4]
	(No symbol) [0x010EB49E]
	(No symbol) [0x010D1CA6]
	(No symbol) [0x010A31D5]
	(No symbol) [0x010A435D]
	GetHandleVerifier [0x015007C3+3142947]
	GetHandleVerifier [0x01511A2B+3213195]
	GetHandleVerifier [0x0150C412+3191154]
	GetHandleVerifier [0x012A8720+685184]
	(No symbol) [0x01196E1D]
	(No symbol) [0x01193E18]
	(No symbol) [0x01193FB6]
	(No symbol) [0x011866F0]
	BaseThreadInitThunk [0x76F97BA9+25]
	RtlInitializeExceptionChain [0x77D0C0CB+107]
	RtlClearBits [0x77D0C04F+191]

2025-02-01 01:42:00,256 - ERROR - Error processing row: Message: no such element: element not found
  (Session info: chrome=132.0.6834.160); For documentation on this error, please visit: https://www.selenium.dev/documentation/webdriver/troubleshooting/errors#no-such-element-exception
Stacktrace:
	GetHandleVerifier [0x012074A3+25091]
	(No symbol) [0x0118DC04]
	(No symbol) [0x0106B373]
	(No symbol) [0x0107ACA9]
	(No symbol) [0x01079D3E]
	(No symbol) [0x010716F0]
	(No symbol) [0x0106FAA6]
	(No symbol) [0x01072CBA]
	(No symbol) [0x01072D37]
	(No symbol) [0x010AEF07]
	(No symbol) [0x010AF65B]
	(No symbol) [0x010A52C1]
	(No symbol) [0x010D1F54]
	(No symbol) [0x010A4E44]
	(No symbol) [0x010D21A4]
	(No symbol) [0x010EB49E]
	(No symbol) [0x010D1CA6]
	(No symbol) [0x010A31D5]
	(No symbol) [0x010A435D]
	GetHandleVerifier [0x015007C3+3142947]
	GetHandleVerifier [0x01511A2B+3213195]
	GetHandleVerifier [0x0150C412+3191154]
	GetHandleVerifier [0x012A8720+685184]
	(No symbol) [0x01196E1D]
	(No symbol) [0x01193E18]
	(No symbol) [0x01193FB6]
	(No symbol) [0x011866F0]
	BaseThreadInitThunk [0x76F97BA9+25]
	RtlInitializeExceptionChain [0x77D0C0CB+107]
	RtlClearBits [0x77D0C04F+191]

2025-02-01 01:42:00,265 - ERROR - Error processing row: Message: no such element: element not found
  (Session info: chrome=132.0.6834.160); For documentation on this error, please visit: https://www.selenium.dev/documentation/webdriver/troubleshooting/errors#no-such-element-exception
Stacktrace:
	GetHandleVerifier [0x012074A3+25091]
	(No symbol) [0x0118DC04]
	(No symbol) [0x0106B373]
	(No symbol) [0x0107ACA9]
	(No symbol) [0x01079D3E]
	(No symbol) [0x010716F0]
	(No symbol) [0x0106FAA6]
	(No symbol) [0x01072CBA]
	(No symbol) [0x01072D37]
	(No symbol) [0x010AEF07]
	(No symbol) [0x010AF65B]
	(No symbol) [0x010A52C1]
	(No symbol) [0x010D1F54]
	(No symbol) [0x010A4E44]
	(No symbol) [0x010D21A4]
	(No symbol) [0x010EB49E]
	(No symbol) [0x010D1CA6]
	(No symbol) [0x010A31D5]
	(No symbol) [0x010A435D]
	GetHandleVerifier [0x015007C3+3142947]
	GetHandleVerifier [0x01511A2B+3213195]
	GetHandleVerifier [0x0150C412+3191154]
	GetHandleVerifier [0x012A8720+685184]
	(No symbol) [0x01196E1D]
	(No symbol) [0x01193E18]
	(No symbol) [0x01193FB6]
	(No symbol) [0x011866F0]
	BaseThreadInitThunk [0x76F97BA9+25]
	RtlInitializeExceptionChain [0x77D0C0CB+107]
	RtlClearBits [0x77D0C04F+191]

2025-02-01 01:42:00,271 - INFO - Data successfully written to data.csv.
2025-02-01 01:42:00,742 - INFO - Browser instance closed.
